<?xml version="1.0" encoding="UTF-8"?>
<coverage generated="1290018323">
  <project timestamp="1290018323">
    <file name="/home/verber/workspace/kohana-test-project/modules/cache/classes/cache.php">
      <class name="Cache" namespace="global">
        <metrics methods="0" coveredmethods="0" conditionals="0" coveredconditionals="0" statements="0" coveredstatements="0" elements="0" coveredelements="0"/>
      </class>
      <line num="1" type="stmt" count="1"/>
      <line num="3" type="stmt" count="1"/>
      <metrics loc="2" ncloc="2" classes="1" methods="0" coveredmethods="0" conditionals="0" coveredconditionals="0" statements="2" coveredstatements="2" elements="2" coveredelements="2"/>
    </file>
    <file name="/home/verber/workspace/kohana-test-project/modules/cache/classes/cache/file.php">
      <class name="Cache_File" namespace="global" fullPackage="Cache">
        <metrics methods="0" coveredmethods="0" conditionals="0" coveredconditionals="0" statements="0" coveredstatements="0" elements="0" coveredelements="0"/>
      </class>
      <line num="1" type="stmt" count="1"/>
      <line num="3" type="stmt" count="1"/>
      <metrics loc="2" ncloc="2" classes="1" methods="0" coveredmethods="0" conditionals="0" coveredconditionals="0" statements="2" coveredstatements="2" elements="2" coveredelements="2"/>
    </file>
    <file name="/home/verber/workspace/kohana-test-project/modules/cache/classes/kohana/cache.php">
      <class name="Kohana_Cache" namespace="global" fullPackage="Kohana" category="Cache" package="Kohana">
        <metrics methods="8" coveredmethods="7" conditionals="0" coveredconditionals="0" statements="23" coveredstatements="21" elements="31" coveredelements="28"/>
      </class>
      <line num="1" type="stmt" count="1"/>
      <line num="77" type="stmt" count="1"/>
      <line num="108" type="method" name="instance" crap="4.00" count="5"/>
      <line num="111" type="stmt" count="5"/>
      <line num="112" type="stmt" count="5"/>
      <line num="114" type="stmt" count="1"/>
      <line num="115" type="stmt" count="1"/>
      <line num="117" type="stmt" count="5"/>
      <line num="118" type="stmt" count="5"/>
      <line num="120" type="stmt" count="5"/>
      <line num="123" type="stmt" count="1"/>
      <line num="125" type="stmt" count="1"/>
      <line num="126" type="stmt" count="1"/>
      <line num="127" type="stmt" count="0"/>
      <line num="130" type="stmt" count="1"/>
      <line num="133" type="stmt" count="1"/>
      <line num="134" type="stmt" count="1"/>
      <line num="137" type="stmt" count="1"/>
      <line num="150" type="method" name="__construct" crap="1" count="1"/>
      <line num="152" type="stmt" count="1"/>
      <line num="153" type="stmt" count="1"/>
      <line num="161" type="method" name="__clone" crap="2" count="0"/>
      <line num="163" type="stmt" count="0"/>
      <line num="183" type="method" name="get" crap="1" count="5"/>
      <line num="208" type="method" name="set" crap="1" count="5"/>
      <line num="222" type="method" name="delete" crap="1" count="5"/>
      <line num="239" type="method" name="delete_all" crap="1" count="5"/>
      <line num="250" type="method" name="_sanitize_id" crap="1" count="5"/>
      <line num="253" type="stmt" count="5"/>
      <line num="256" type="stmt" count="1"/>
      <metrics loc="255" ncloc="54" classes="1" methods="8" coveredmethods="7" conditionals="0" coveredconditionals="0" statements="26" coveredstatements="24" elements="34" coveredelements="31"/>
    </file>
    <file name="/home/verber/workspace/kohana-test-project/modules/cache/classes/kohana/cache/file.php">
      <class name="Kohana_Cache_File" namespace="global" fullPackage="Kohana" category="Cache" package="Kohana">
        <metrics methods="9" coveredmethods="7" conditionals="0" coveredconditionals="0" statements="121" coveredstatements="81" elements="130" coveredelements="88"/>
      </class>
      <line num="1" type="stmt" count="1"/>
      <line num="41" type="stmt" count="1"/>
      <line num="59" type="method" name="filename" crap="1" count="5"/>
      <line num="61" type="stmt" count="5"/>
      <line num="76" type="method" name="__construct" crap="8.69" count="1"/>
      <line num="79" type="stmt" count="1"/>
      <line num="83" type="stmt" count="1"/>
      <line num="84" type="stmt" count="1"/>
      <line num="86" type="stmt" count="1"/>
      <line num="88" type="stmt" count="0"/>
      <line num="89" type="stmt" count="0"/>
      <line num="90" type="stmt" count="0"/>
      <line num="92" type="stmt" count="0"/>
      <line num="93" type="stmt" count="0"/>
      <line num="97" type="stmt" count="1"/>
      <line num="98" type="stmt" count="1"/>
      <line num="99" type="stmt" count="0"/>
      <line num="103" type="stmt" count="1"/>
      <line num="104" type="stmt" count="1"/>
      <line num="105" type="stmt" count="0"/>
      <line num="109" type="stmt" count="1"/>
      <line num="110" type="stmt" count="1"/>
      <line num="111" type="stmt" count="0"/>
      <line num="113" type="stmt" count="1"/>
      <line num="129" type="method" name="get" crap="6.77" count="2"/>
      <line num="131" type="stmt" count="2"/>
      <line num="132" type="stmt" count="2"/>
      <line num="138" type="stmt" count="2"/>
      <line num="141" type="stmt" count="2"/>
      <line num="142" type="stmt" count="2"/>
      <line num="144" type="stmt" count="1"/>
      <line num="149" type="stmt" count="2"/>
      <line num="152" type="stmt" count="2"/>
      <line num="155" type="stmt" count="2"/>
      <line num="156" type="stmt" count="2"/>
      <line num="158" type="stmt" count="1"/>
      <line num="161" type="stmt" count="1"/>
      <line num="165" type="stmt" count="2"/>
      <line num="170" type="stmt" count="0"/>
      <line num="173" type="stmt" count="0"/>
      <line num="174" type="stmt" count="0"/>
      <line num="175" type="stmt" count="0"/>
      <line num="179" type="stmt" count="0"/>
      <line num="199" type="method" name="set" crap="8.74" count="5"/>
      <line num="201" type="stmt" count="5"/>
      <line num="202" type="stmt" count="5"/>
      <line num="205" type="stmt" count="5"/>
      <line num="206" type="stmt" count="5"/>
      <line num="208" type="stmt" count="1"/>
      <line num="209" type="stmt" count="1"/>
      <line num="212" type="stmt" count="5"/>
      <line num="215" type="stmt" count="5"/>
      <line num="216" type="stmt" count="5"/>
      <line num="218" type="stmt" count="5"/>
      <line num="219" type="stmt" count="5"/>
      <line num="220" type="stmt" count="0"/>
      <line num="224" type="stmt" count="5"/>
      <line num="225" type="stmt" count="5"/>
      <line num="228" type="stmt" count="5"/>
      <line num="229" type="stmt" count="5"/>
      <line num="233" type="stmt" count="5"/>
      <line num="236" type="stmt" count="5"/>
      <line num="237" type="stmt" count="5"/>
      <line num="238" type="stmt" count="5"/>
      <line num="240" type="stmt" count="5"/>
      <line num="242" type="stmt" count="5"/>
      <line num="244" type="stmt" count="5"/>
      <line num="247" type="stmt" count="0"/>
      <line num="248" type="stmt" count="0"/>
      <line num="250" type="stmt" count="0"/>
      <line num="254" type="stmt" count="0"/>
      <line num="259" type="stmt" count="5"/>
      <line num="260" type="stmt" count="5"/>
      <line num="262" type="stmt" count="0"/>
      <line num="264" type="stmt" count="0"/>
      <line num="277" type="method" name="delete" crap="2" count="0"/>
      <line num="279" type="stmt" count="0"/>
      <line num="280" type="stmt" count="0"/>
      <line num="282" type="stmt" count="0"/>
      <line num="297" type="method" name="delete_all" crap="1" count="5"/>
      <line num="299" type="stmt" count="5"/>
      <line num="308" type="method" name="garbage_collect" crap="2" count="0"/>
      <line num="310" type="stmt" count="0"/>
      <line num="311" type="stmt" count="0"/>
      <line num="327" type="method" name="_delete_file" crap="23.33" count="5"/>
      <line num="333" type="stmt" count="5"/>
      <line num="334" type="stmt" count="5"/>
      <line num="338" type="stmt" count="5"/>
      <line num="339" type="stmt" count="5"/>
      <line num="341" type="stmt" count="5"/>
      <line num="342" type="stmt" count="5"/>
      <line num="347" type="stmt" count="0"/>
      <line num="348" type="stmt" count="0"/>
      <line num="349" type="stmt" count="0"/>
      <line num="353" type="stmt" count="5"/>
      <line num="354" type="stmt" count="5"/>
      <line num="356" type="stmt" count="5"/>
      <line num="357" type="stmt" count="5"/>
      <line num="359" type="stmt" count="5"/>
      <line num="362" type="stmt" count="0"/>
      <line num="363" type="stmt" count="0"/>
      <line num="364" type="stmt" count="0"/>
      <line num="367" type="stmt" count="5"/>
      <line num="369" type="stmt" count="5"/>
      <line num="370" type="stmt" count="5"/>
      <line num="372" type="stmt" count="5"/>
      <line num="375" type="stmt" count="5"/>
      <line num="378" type="stmt" count="5"/>
      <line num="381" type="stmt" count="5"/>
      <line num="382" type="stmt" count="5"/>
      <line num="384" type="stmt" count="5"/>
      <line num="386" type="stmt" count="5"/>
      <line num="387" type="stmt" count="5"/>
      <line num="390" type="stmt" count="5"/>
      <line num="391" type="stmt" count="5"/>
      <line num="395" type="stmt" count="5"/>
      <line num="396" type="stmt" count="5"/>
      <line num="403" type="stmt" count="5"/>
      <line num="406" type="stmt" count="5"/>
      <line num="408" type="stmt" count="0"/>
      <line num="411" type="stmt" count="0"/>
      <line num="412" type="stmt" count="0"/>
      <line num="413" type="stmt" count="0"/>
      <line num="416" type="stmt" count="0"/>
      <line num="419" type="stmt" count="5"/>
      <line num="422" type="stmt" count="0"/>
      <line num="423" type="stmt" count="0"/>
      <line num="425" type="stmt" count="0"/>
      <line num="428" type="stmt" count="0"/>
      <line num="430" type="stmt" count="5"/>
      <line num="441" type="method" name="_resolve_directory" crap="1" count="5"/>
      <line num="443" type="stmt" count="5"/>
      <line num="446" type="stmt" count="1"/>
      <metrics loc="445" ncloc="195" classes="1" methods="9" coveredmethods="7" conditionals="0" coveredconditionals="0" statements="124" coveredstatements="84" elements="133" coveredelements="91"/>
    </file>
    <file name="/home/verber/workspace/kohana-test-project/modules/cache/classes/kohana/cache/garbagecollect.php">
      <line num="1" type="stmt" count="1"/>
      <line num="15" type="stmt" count="1"/>
      <line num="23" type="stmt" count="1"/>
      <metrics loc="22" ncloc="3" classes="0" methods="0" coveredmethods="0" conditionals="0" coveredconditionals="0" statements="3" coveredstatements="3" elements="3" coveredelements="3"/>
    </file>
    <file name="/home/verber/workspace/kohana-test-project/modules/cache/config/cache.php">
      <line num="1" type="stmt" count="1"/>
      <line num="6" type="stmt" count="1"/>
      <line num="7" type="stmt" count="1"/>
      <line num="8" type="stmt" count="1"/>
      <line num="13" type="stmt" count="1"/>
      <line num="14" type="stmt" count="1"/>
      <line num="15" type="stmt" count="1"/>
      <line num="16" type="stmt" count="1"/>
      <line num="17" type="stmt" count="1"/>
      <line num="18" type="stmt" count="1"/>
      <line num="19" type="stmt" count="1"/>
      <line num="20" type="stmt" count="1"/>
      <line num="21" type="stmt" count="1"/>
      <line num="22" type="stmt" count="1"/>
      <line num="23" type="stmt" count="1"/>
      <line num="26" type="stmt" count="1"/>
      <line num="27" type="stmt" count="1"/>
      <line num="28" type="stmt" count="1"/>
      <line num="33" type="stmt" count="1"/>
      <line num="34" type="stmt" count="1"/>
      <line num="35" type="stmt" count="1"/>
      <line num="36" type="stmt" count="1"/>
      <line num="37" type="stmt" count="1"/>
      <line num="38" type="stmt" count="1"/>
      <line num="39" type="stmt" count="1"/>
      <line num="40" type="stmt" count="1"/>
      <line num="41" type="stmt" count="1"/>
      <line num="42" type="stmt" count="1"/>
      <line num="43" type="stmt" count="1"/>
      <line num="46" type="stmt" count="1"/>
      <line num="47" type="stmt" count="1"/>
      <line num="48" type="stmt" count="1"/>
      <line num="51" type="stmt" count="1"/>
      <line num="52" type="stmt" count="1"/>
      <line num="53" type="stmt" count="1"/>
      <line num="54" type="stmt" count="1"/>
      <line num="55" type="stmt" count="1"/>
      <line num="58" type="stmt" count="1"/>
      <line num="59" type="stmt" count="1"/>
      <line num="62" type="stmt" count="1"/>
      <line num="63" type="stmt" count="1"/>
      <line num="64" type="stmt" count="1"/>
      <line num="67" type="stmt" count="1"/>
      <line num="68" type="stmt" count="1"/>
      <line num="69" type="stmt" count="1"/>
      <line num="71" type="stmt" count="1"/>
      <metrics loc="70" ncloc="52" classes="0" methods="0" coveredmethods="0" conditionals="0" coveredconditionals="0" statements="46" coveredstatements="46" elements="46" coveredelements="46"/>
    </file>
    <file name="/home/verber/workspace/kohana-test-project/modules/unittest/classes/kohana/tests.php">
      <class name="Kohana_Tests" namespace="global" fullPackage="Unittest" package="Unittest">
        <metrics methods="8" coveredmethods="1" conditionals="0" coveredconditionals="0" statements="110" coveredstatements="4" elements="118" coveredelements="5"/>
      </class>
      <line num="0" type="stmt" count="1"/>
      <line num="20" type="method" name="autoload" crap="2.15" count="1"/>
      <line num="22" type="stmt" count="1"/>
      <line num="24" type="stmt" count="1"/>
      <line num="25" type="stmt" count="1"/>
      <line num="26" type="stmt" count="0"/>
      <line num="27" type="stmt" count="0"/>
      <line num="28" type="stmt" count="1"/>
      <line num="39" type="method" name="configure_environment" crap="90" count="0"/>
      <line num="41" type="stmt" count="0"/>
      <line num="42" type="stmt" count="0"/>
      <line num="43" type="stmt" count="0"/>
      <line num="44" type="stmt" count="0"/>
      <line num="45" type="stmt" count="0"/>
      <line num="47" type="stmt" count="0"/>
      <line num="49" type="stmt" count="0"/>
      <line num="51" type="stmt" count="0"/>
      <line num="53" type="stmt" count="0"/>
      <line num="54" type="stmt" count="0"/>
      <line num="55" type="stmt" count="0"/>
      <line num="56" type="stmt" count="0"/>
      <line num="58" type="stmt" count="0"/>
      <line num="59" type="stmt" count="0"/>
      <line num="60" type="stmt" count="0"/>
      <line num="62" type="stmt" count="0"/>
      <line num="63" type="stmt" count="0"/>
      <line num="64" type="stmt" count="0"/>
      <line num="65" type="stmt" count="0"/>
      <line num="68" type="stmt" count="0"/>
      <line num="70" type="stmt" count="0"/>
      <line num="71" type="stmt" count="0"/>
      <line num="72" type="stmt" count="0"/>
      <line num="79" type="method" name="enabled" crap="12" count="0"/>
      <line num="81" type="stmt" count="0"/>
      <line num="82" type="stmt" count="0"/>
      <line num="84" type="stmt" count="0"/>
      <line num="85" type="stmt" count="0"/>
      <line num="86" type="stmt" count="0"/>
      <line num="94" type="method" name="suite" crap="6" count="0"/>
      <line num="96" type="stmt" count="0"/>
      <line num="98" type="stmt" count="0"/>
      <line num="99" type="stmt" count="0"/>
      <line num="100" type="stmt" count="0"/>
      <line num="103" type="stmt" count="0"/>
      <line num="105" type="stmt" count="0"/>
      <line num="107" type="stmt" count="0"/>
      <line num="109" type="stmt" count="0"/>
      <line num="120" type="method" name="addTests" crap="42" count="0"/>
      <line num="122" type="stmt" count="0"/>
      <line num="124" type="stmt" count="0"/>
      <line num="125" type="stmt" count="0"/>
      <line num="126" type="stmt" count="0"/>
      <line num="127" type="stmt" count="0"/>
      <line num="131" type="stmt" count="0"/>
      <line num="132" type="stmt" count="0"/>
      <line num="134" type="stmt" count="0"/>
      <line num="135" type="stmt" count="0"/>
      <line num="136" type="stmt" count="0"/>
      <line num="137" type="stmt" count="0"/>
      <line num="140" type="stmt" count="0"/>
      <line num="144" type="stmt" count="0"/>
      <line num="146" type="stmt" count="0"/>
      <line num="147" type="stmt" count="0"/>
      <line num="157" type="method" name="whitelist" crap="20" count="0"/>
      <line num="159" type="stmt" count="0"/>
      <line num="160" type="stmt" count="0"/>
      <line num="161" type="stmt" count="0"/>
      <line num="162" type="stmt" count="0"/>
      <line num="164" type="stmt" count="0"/>
      <line num="165" type="stmt" count="0"/>
      <line num="166" type="stmt" count="0"/>
      <line num="168" type="stmt" count="0"/>
      <line num="169" type="stmt" count="0"/>
      <line num="172" type="stmt" count="0"/>
      <line num="173" type="stmt" count="0"/>
      <line num="174" type="stmt" count="0"/>
      <line num="182" type="method" name="get_config_whitelist" crap="42" count="0"/>
      <line num="184" type="stmt" count="0"/>
      <line num="185" type="stmt" count="0"/>
      <line num="187" type="stmt" count="0"/>
      <line num="188" type="stmt" count="0"/>
      <line num="189" type="stmt" count="0"/>
      <line num="190" type="stmt" count="0"/>
      <line num="192" type="stmt" count="0"/>
      <line num="193" type="stmt" count="0"/>
      <line num="194" type="stmt" count="0"/>
      <line num="199" type="stmt" count="0"/>
      <line num="200" type="stmt" count="0"/>
      <line num="201" type="stmt" count="0"/>
      <line num="202" type="stmt" count="0"/>
      <line num="203" type="stmt" count="0"/>
      <line num="205" type="stmt" count="0"/>
      <line num="206" type="stmt" count="0"/>
      <line num="210" type="stmt" count="0"/>
      <line num="213" type="stmt" count="0"/>
      <line num="214" type="stmt" count="0"/>
      <line num="216" type="stmt" count="0"/>
      <line num="217" type="stmt" count="0"/>
      <line num="218" type="stmt" count="0"/>
      <line num="219" type="stmt" count="0"/>
      <line num="221" type="stmt" count="0"/>
      <line num="229" type="method" name="set_whitelist" crap="30" count="0"/>
      <line num="231" type="stmt" count="0"/>
      <line num="233" type="stmt" count="0"/>
      <line num="234" type="stmt" count="0"/>
      <line num="235" type="stmt" count="0"/>
      <line num="236" type="stmt" count="0"/>
      <line num="239" type="stmt" count="0"/>
      <line num="240" type="stmt" count="0"/>
      <line num="241" type="stmt" count="0"/>
      <line num="242" type="stmt" count="0"/>
      <line num="246" type="stmt" count="0"/>
      <line num="247" type="stmt" count="0"/>
      <line num="249" type="stmt" count="0"/>
      <line num="250" type="stmt" count="0"/>
      <line num="251" type="stmt" count="0"/>
      <line num="252" type="stmt" count="0"/>
      <line num="254" type="stmt" count="0"/>
      <line num="255" type="stmt" count="0"/>
      <metrics loc="257" ncloc="177" classes="1" methods="8" coveredmethods="1" conditionals="0" coveredconditionals="0" statements="111" coveredstatements="5" elements="119" coveredelements="6"/>
    </file>
    <file name="/home/verber/workspace/kohana-test-project/modules/unittest/classes/kohana/unittest/helpers.php">
      <class name="Kohana_Unittest_Helpers" namespace="global" fullPackage="Kohana.Unittest">
        <metrics methods="5" coveredmethods="4" conditionals="0" coveredconditionals="0" statements="60" coveredstatements="40" elements="65" coveredelements="44"/>
      </class>
      <line num="21" type="method" name="has_internet" crap="4.12" count="7"/>
      <line num="23" type="stmt" count="7"/>
      <line num="24" type="stmt" count="7"/>
      <line num="26" type="stmt" count="0"/>
      <line num="28" type="stmt" count="0"/>
      <line num="29" type="stmt" count="0"/>
      <line num="31" type="stmt" count="7"/>
      <line num="40" type="method" name="dir_separator" crap="2" count="0"/>
      <line num="42" type="stmt" count="0"/>
      <line num="50" type="method" name="clean_cache_dir" crap="14.22" count="3"/>
      <line num="52" type="stmt" count="3"/>
      <line num="54" type="stmt" count="3"/>
      <line num="57" type="stmt" count="3"/>
      <line num="58" type="stmt" count="3"/>
      <line num="59" type="stmt" count="0"/>
      <line num="61" type="stmt" count="0"/>
      <line num="63" type="stmt" count="0"/>
      <line num="65" type="stmt" count="0"/>
      <line num="66" type="stmt" count="0"/>
      <line num="67" type="stmt" count="0"/>
      <line num="68" type="stmt" count="0"/>
      <line num="69" type="stmt" count="0"/>
      <line num="71" type="stmt" count="0"/>
      <line num="73" type="stmt" count="0"/>
      <line num="74" type="stmt" count="0"/>
      <line num="75" type="stmt" count="3"/>
      <line num="77" type="stmt" count="3"/>
      <line num="78" type="stmt" count="3"/>
      <line num="98" type="method" name="set_environment" crap="12.50" count="490"/>
      <line num="100" type="stmt" count="490"/>
      <line num="101" type="stmt" count="490"/>
      <line num="103" type="stmt" count="92"/>
      <line num="105" type="stmt" count="92"/>
      <line num="108" type="stmt" count="92"/>
      <line num="109" type="stmt" count="92"/>
      <line num="111" type="stmt" count="49"/>
      <line num="114" type="stmt" count="49"/>
      <line num="115" type="stmt" count="49"/>
      <line num="116" type="stmt" count="49"/>
      <line num="119" type="stmt" count="49"/>
      <line num="120" type="stmt" count="49"/>
      <line num="122" type="stmt" count="92"/>
      <line num="124" type="stmt" count="92"/>
      <line num="126" type="stmt" count="92"/>
      <line num="129" type="stmt" count="92"/>
      <line num="130" type="stmt" count="92"/>
      <line num="131" type="stmt" count="92"/>
      <line num="133" type="stmt" count="92"/>
      <line num="134" type="stmt" count="92"/>
      <line num="136" type="stmt" count="89"/>
      <line num="139" type="stmt" count="89"/>
      <line num="140" type="stmt" count="89"/>
      <line num="141" type="stmt" count="89"/>
      <line num="143" type="stmt" count="89"/>
      <line num="144" type="stmt" count="89"/>
      <line num="149" type="stmt" count="0"/>
      <line num="150" type="stmt" count="0"/>
      <line num="151" type="stmt" count="0"/>
      <line num="153" type="stmt" count="0"/>
      <line num="155" type="stmt" count="0"/>
      <line num="157" type="stmt" count="92"/>
      <line num="158" type="stmt" count="92"/>
      <line num="166" type="method" name="restore_environment" crap="1" count="490"/>
      <line num="168" type="stmt" count="490"/>
      <line num="169" type="stmt" count="490"/>
      <metrics loc="170" ncloc="107" classes="1" methods="5" coveredmethods="4" conditionals="0" coveredconditionals="0" statements="60" coveredstatements="40" elements="65" coveredelements="44"/>
    </file>
    <file name="/home/verber/workspace/kohana-test-project/modules/unittest/classes/kohana/unittest/testcase.php">
      <class name="Kohana_Unittest_TestCase" namespace="global" fullPackage="Kohana.Unittest">
        <metrics methods="6" coveredmethods="5" conditionals="0" coveredconditionals="0" statements="9" coveredstatements="8" elements="15" coveredelements="13"/>
      </class>
      <line num="30" type="method" name="setUp" crap="1" count="490"/>
      <line num="32" type="stmt" count="490"/>
      <line num="34" type="stmt" count="490"/>
      <line num="35" type="stmt" count="490"/>
      <line num="43" type="method" name="tearDown" crap="1" count="490"/>
      <line num="45" type="stmt" count="490"/>
      <line num="46" type="stmt" count="490"/>
      <line num="51" type="method" name="cleanCacheDir" crap="1" count="3"/>
      <line num="53" type="stmt" count="3"/>
      <line num="63" type="method" name="dirSeparator" crap="2" count="0"/>
      <line num="65" type="stmt" count="0"/>
      <line num="79" type="method" name="setEnvironment" crap="1" count="490"/>
      <line num="81" type="stmt" count="490"/>
      <line num="89" type="method" name="hasInternet" crap="1" count="7"/>
      <line num="91" type="stmt" count="7"/>
      <metrics loc="92" ncloc="41" classes="1" methods="6" coveredmethods="5" conditionals="0" coveredconditionals="0" statements="9" coveredstatements="8" elements="15" coveredelements="13"/>
    </file>
    <file name="/home/verber/workspace/kohana-test-project/modules/userguide/i18n/es.php">
      <line num="1" type="stmt" count="1"/>
      <line num="6" type="stmt" count="1"/>
      <metrics loc="6" ncloc="6" classes="0" methods="0" coveredmethods="0" conditionals="0" coveredconditionals="0" statements="2" coveredstatements="2" elements="2" coveredelements="2"/>
    </file>
    <file name="/home/verber/workspace/kohana-test-project/modules/userguide/i18n/fr.php">
      <line num="1" type="stmt" count="1"/>
      <line num="6" type="stmt" count="1"/>
      <metrics loc="7" ncloc="7" classes="0" methods="0" coveredmethods="0" conditionals="0" coveredconditionals="0" statements="2" coveredstatements="2" elements="2" coveredelements="2"/>
    </file>
    <file name="/home/verber/workspace/kohana-test-project/system/base.php">
      <line num="35" type="stmt" count="0"/>
      <line num="36" type="stmt" count="0"/>
      <line num="39" type="stmt" count="0"/>
      <line num="40" type="stmt" count="0"/>
      <line num="42" type="stmt" count="0"/>
      <metrics loc="43" ncloc="19" classes="0" methods="0" coveredmethods="0" conditionals="0" coveredconditionals="0" statements="5" coveredstatements="0" elements="5" coveredelements="0"/>
    </file>
    <file name="/home/verber/workspace/kohana-test-project/system/classes/cli.php">
      <class name="CLI" namespace="global">
        <metrics methods="0" coveredmethods="0" conditionals="0" coveredconditionals="0" statements="0" coveredstatements="0" elements="0" coveredelements="0"/>
      </class>
      <line num="1" type="stmt" count="1"/>
      <line num="3" type="stmt" count="1"/>
      <metrics loc="2" ncloc="2" classes="1" methods="0" coveredmethods="0" conditionals="0" coveredconditionals="0" statements="2" coveredstatements="2" elements="2" coveredelements="2"/>
    </file>
    <file name="/home/verber/workspace/kohana-test-project/system/classes/file.php">
      <class name="File" namespace="global">
        <metrics methods="0" coveredmethods="0" conditionals="0" coveredconditionals="0" statements="0" coveredstatements="0" elements="0" coveredelements="0"/>
      </class>
      <line num="1" type="stmt" count="1"/>
      <line num="3" type="stmt" count="1"/>
      <metrics loc="2" ncloc="2" classes="1" methods="0" coveredmethods="0" conditionals="0" coveredconditionals="0" statements="2" coveredstatements="2" elements="2" coveredelements="2"/>
    </file>
    <file name="/home/verber/workspace/kohana-test-project/system/classes/form.php">
      <class name="Form" namespace="global">
        <metrics methods="0" coveredmethods="0" conditionals="0" coveredconditionals="0" statements="0" coveredstatements="0" elements="0" coveredelements="0"/>
      </class>
      <line num="1" type="stmt" count="1"/>
      <line num="3" type="stmt" count="1"/>
      <line num="4" type="stmt" count="1"/>
      <metrics loc="3" ncloc="3" classes="1" methods="0" coveredmethods="0" conditionals="0" coveredconditionals="0" statements="3" coveredstatements="3" elements="3" coveredelements="3"/>
    </file>
    <file name="/home/verber/workspace/kohana-test-project/system/classes/inflector.php">
      <class name="Inflector" namespace="global">
        <metrics methods="0" coveredmethods="0" conditionals="0" coveredconditionals="0" statements="0" coveredstatements="0" elements="0" coveredelements="0"/>
      </class>
      <line num="1" type="stmt" count="1"/>
      <line num="3" type="stmt" count="1"/>
      <metrics loc="2" ncloc="2" classes="1" methods="0" coveredmethods="0" conditionals="0" coveredconditionals="0" statements="2" coveredstatements="2" elements="2" coveredelements="2"/>
    </file>
    <file name="/home/verber/workspace/kohana-test-project/system/classes/kohana/arr.php">
      <class name="Kohana_Arr" namespace="global" fullPackage="Kohana" category="Helpers" package="Kohana">
        <metrics methods="2" coveredmethods="2" conditionals="0" coveredconditionals="0" statements="10" coveredstatements="10" elements="12" coveredelements="12"/>
      </class>
      <line num="30" type="method" name="is_assoc" crap="1" count="11"/>
      <line num="33" type="stmt" count="11"/>
      <line num="37" type="stmt" count="11"/>
      <line num="57" type="method" name="path" crap="3" count="12"/>
      <line num="59" type="stmt" count="12"/>
      <line num="60" type="stmt" count="12"/>
      <line num="62" type="stmt" count="3"/>
      <line num="65" type="stmt" count="10"/>
      <line num="66" type="stmt" count="10"/>
      <line num="68" type="stmt" count="9"/>
      <line num="69" type="stmt" count="9"/>
      <line num="72" type="stmt" count="10"/>
      <line num="75" type="stmt" count="10"/>
      <line num="79" type="stmt" count="10"/>
      <line num="81" type="stmt" count="10"/>
      <line num="82" type="stmt" count="10"/>
      <line num="84" type="stmt" count="1"/>
      <line num="85" type="stmt" count="1"/>
      <line num="87" type="stmt" count="10"/>
      <line num="88" type="stmt" count="10"/>
      <line num="90" type="stmt" count="9"/>
      <line num="91" type="stmt" count="8"/>
      <line num="92" type="stmt" count="8"/>
      <line num="94" type="stmt" count="6"/>
      <line num="95" type="stmt" count="6"/>
      <line num="99" type="stmt" count="2"/>
      <line num="101" type="stmt" count="6"/>
      <line num="105" type="stmt" count="4"/>
      <line num="107" type="stmt" count="6"/>
      <line num="108" type="stmt" count="4"/>
      <line num="112" type="stmt" count="2"/>
      <line num="113" type="stmt" count="2"/>
      <line num="115" type="stmt" count="2"/>
      <line num="116" type="stmt" count="2"/>
      <line num="117" type="stmt" count="1"/>
      <line num="118" type="stmt" count="1"/>
      <line num="119" type="stmt" count="2"/>
      <line num="122" type="stmt" count="2"/>
      <line num="124" type="stmt" count="1"/>
      <line num="129" type="stmt" count="1"/>
      <line num="135" type="stmt" count="4"/>
      <line num="138" type="stmt" count="6"/>
      <line num="141" type="stmt" count="6"/>
      <line num="156" type="stmt" count="3"/>
      <line num="157" type="stmt" count="3"/>
      <line num="159" type="stmt" count="3"/>
      <line num="160" type="stmt" count="3"/>
      <line num="162" type="stmt" count="2"/>
      <line num="163" type="stmt" count="2"/>
      <line num="165" type="stmt" count="3"/>
      <line num="185" type="stmt" count="8"/>
      <line num="202" type="stmt" count="2"/>
      <line num="203" type="stmt" count="2"/>
      <line num="205" type="stmt" count="2"/>
      <line num="206" type="stmt" count="2"/>
      <line num="208" type="stmt" count="2"/>
      <line num="224" type="stmt" count="1"/>
      <line num="240" type="stmt" count="2"/>
      <line num="241" type="stmt" count="2"/>
      <line num="242" type="stmt" count="2"/>
      <line num="244" type="stmt" count="2"/>
      <line num="263" type="stmt" count="2"/>
      <line num="265" type="stmt" count="2"/>
      <line num="266" type="stmt" count="2"/>
      <line num="267" type="stmt" count="1"/>
      <line num="268" type="stmt" count="1"/>
      <line num="271" type="stmt" count="2"/>
      <line num="273" type="stmt" count="2"/>
      <line num="275" type="stmt" count="2"/>
      <line num="298" type="stmt" count="9"/>
      <line num="299" type="stmt" count="9"/>
      <line num="302" type="stmt" count="9"/>
      <line num="305" type="stmt" count="9"/>
      <line num="307" type="stmt" count="9"/>
      <line num="309" type="stmt" count="9"/>
      <line num="310" type="stmt" count="9"/>
      <line num="311" type="stmt" count="7"/>
      <line num="312" type="stmt" count="7"/>
      <line num="313" type="stmt" count="4"/>
      <line num="314" type="stmt" count="4"/>
      <line num="316" type="stmt" count="1"/>
      <line num="317" type="stmt" count="1"/>
      <line num="321" type="stmt" count="3"/>
      <line num="324" type="stmt" count="3"/>
      <line num="326" type="stmt" count="4"/>
      <line num="330" type="stmt" count="5"/>
      <line num="332" type="stmt" count="4"/>
      <line num="333" type="stmt" count="4"/>
      <line num="334" type="stmt" count="1"/>
      <line num="337" type="stmt" count="1"/>
      <line num="338" type="stmt" count="1"/>
      <line num="340" type="stmt" count="7"/>
      <line num="344" type="stmt" count="9"/>
      <line num="346" type="stmt" count="9"/>
      <line num="347" type="stmt" count="9"/>
      <line num="349" type="stmt" count="9"/>
      <line num="371" type="stmt" count="1"/>
      <line num="373" type="stmt" count="1"/>
      <line num="374" type="stmt" count="1"/>
      <line num="376" type="stmt" count="1"/>
      <line num="377" type="stmt" count="1"/>
      <line num="378" type="stmt" count="1"/>
      <line num="380" type="stmt" count="1"/>
      <line num="382" type="stmt" count="1"/>
      <line num="383" type="stmt" count="1"/>
      <line num="384" type="stmt" count="1"/>
      <line num="385" type="stmt" count="1"/>
      <line num="387" type="stmt" count="1"/>
      <line num="406" type="stmt" count="5"/>
      <line num="409" type="stmt" count="5"/>
      <line num="410" type="stmt" count="5"/>
      <line num="412" type="stmt" count="4"/>
      <line num="414" type="stmt" count="4"/>
      <line num="415" type="stmt" count="4"/>
      <line num="417" type="stmt" count="4"/>
      <line num="418" type="stmt" count="4"/>
      <line num="419" type="stmt" count="4"/>
      <line num="420" type="stmt" count="4"/>
      <line num="424" type="stmt" count="1"/>
      <line num="427" type="stmt" count="5"/>
      <line num="428" type="stmt" count="5"/>
      <line num="430" type="stmt" count="2"/>
      <line num="431" type="stmt" count="2"/>
      <line num="433" type="stmt" count="5"/>
      <line num="455" type="stmt" count="1"/>
      <line num="456" type="stmt" count="1"/>
      <line num="458" type="stmt" count="1"/>
      <line num="459" type="stmt" count="1"/>
      <line num="460" type="stmt" count="1"/>
      <line num="461" type="stmt" count="1"/>
      <line num="464" type="stmt" count="1"/>
      <line num="466" type="stmt" count="1"/>
      <line num="467" type="stmt" count="1"/>
      <metrics loc="470" ncloc="229" classes="1" methods="2" coveredmethods="2" conditionals="0" coveredconditionals="0" statements="131" coveredstatements="131" elements="133" coveredelements="133"/>
    </file>
    <file name="/home/verber/workspace/kohana-test-project/system/classes/kohana/cli.php">
      <class name="Kohana_CLI" namespace="global" fullPackage="Kohana" category="Helpers" package="Kohana">
        <metrics methods="1" coveredmethods="1" conditionals="0" coveredconditionals="0" statements="22" coveredstatements="22" elements="23" coveredelements="23"/>
      </class>
      <line num="1" type="stmt" count="1"/>
      <line num="11" type="stmt" count="1"/>
      <line num="26" type="method" name="options" crap="6" count="7"/>
      <line num="29" type="stmt" count="7"/>
      <line num="32" type="stmt" count="7"/>
      <line num="35" type="stmt" count="7"/>
      <line num="37" type="stmt" count="7"/>
      <line num="38" type="stmt" count="7"/>
      <line num="40" type="stmt" count="1"/>
      <line num="44" type="stmt" count="7"/>
      <line num="46" type="stmt" count="7"/>
      <line num="47" type="stmt" count="7"/>
      <line num="49" type="stmt" count="7"/>
      <line num="53" type="stmt" count="7"/>
      <line num="55" type="stmt" count="7"/>
      <line num="56" type="stmt" count="7"/>
      <line num="58" type="stmt" count="7"/>
      <line num="59" type="stmt" count="7"/>
      <line num="62" type="stmt" count="7"/>
      <line num="65" type="stmt" count="7"/>
      <line num="66" type="stmt" count="7"/>
      <line num="68" type="stmt" count="7"/>
      <line num="69" type="stmt" count="7"/>
      <line num="70" type="stmt" count="7"/>
      <line num="72" type="stmt" count="7"/>
      <line num="76" type="stmt" count="1"/>
      <metrics loc="75" ncloc="33" classes="1" methods="1" coveredmethods="1" conditionals="0" coveredconditionals="0" statements="25" coveredstatements="25" elements="26" coveredelements="26"/>
    </file>
    <file name="/home/verber/workspace/kohana-test-project/system/classes/kohana/config.php">
      <class name="Kohana_Config" namespace="global" fullPackage="Kohana" category="Configuration" package="Kohana">
        <metrics methods="5" coveredmethods="4" conditionals="0" coveredconditionals="0" statements="37" coveredstatements="24" elements="42" coveredelements="28"/>
      </class>
      <line num="24" type="method" name="instance" crap="2.26" count="1"/>
      <line num="26" type="stmt" count="1"/>
      <line num="27" type="stmt" count="1"/>
      <line num="29" type="stmt" count="0"/>
      <line num="30" type="stmt" count="0"/>
      <line num="32" type="stmt" count="1"/>
      <line num="50" type="method" name="attach" crap="2" count="3"/>
      <line num="52" type="stmt" count="3"/>
      <line num="53" type="stmt" count="3"/>
      <line num="55" type="stmt" count="3"/>
      <line num="56" type="stmt" count="3"/>
      <line num="60" type="stmt" count="1"/>
      <line num="63" type="stmt" count="3"/>
      <line num="74" type="method" name="detach" crap="2" count="2"/>
      <line num="76" type="stmt" count="2"/>
      <line num="77" type="stmt" count="2"/>
      <line num="79" type="stmt" count="1"/>
      <line num="80" type="stmt" count="1"/>
      <line num="82" type="stmt" count="2"/>
      <line num="96" type="method" name="load" crap="4" count="5"/>
      <line num="98" type="stmt" count="5"/>
      <line num="100" type="stmt" count="4"/>
      <line num="101" type="stmt" count="4"/>
      <line num="103" type="stmt" count="3"/>
      <line num="105" type="stmt" count="3"/>
      <line num="108" type="stmt" count="2"/>
      <line num="110" type="stmt" count="2"/>
      <line num="111" type="stmt" count="2"/>
      <line num="112" type="stmt" count="1"/>
      <line num="116" type="stmt" count="1"/>
      <line num="127" type="method" name="copy" crap="20" count="0"/>
      <line num="130" type="stmt" count="0"/>
      <line num="132" type="stmt" count="0"/>
      <line num="134" type="stmt" count="0"/>
      <line num="135" type="stmt" count="0"/>
      <line num="137" type="stmt" count="0"/>
      <line num="141" type="stmt" count="0"/>
      <line num="143" type="stmt" count="0"/>
      <line num="146" type="stmt" count="0"/>
      <line num="147" type="stmt" count="0"/>
      <line num="148" type="stmt" count="0"/>
      <line num="150" type="stmt" count="0"/>
      <metrics loc="153" ncloc="69" classes="1" methods="5" coveredmethods="4" conditionals="0" coveredconditionals="0" statements="37" coveredstatements="24" elements="42" coveredelements="28"/>
    </file>
    <file name="/home/verber/workspace/kohana-test-project/system/classes/kohana/config/file.php">
      <class name="Kohana_Config_File" namespace="global" fullPackage="Kohana" category="Configuration" package="Kohana">
        <metrics methods="2" coveredmethods="1" conditionals="0" coveredconditionals="0" statements="11" coveredstatements="8" elements="13" coveredelements="9"/>
      </class>
      <line num="20" type="method" name="__construct" crap="2" count="0"/>
      <line num="23" type="stmt" count="0"/>
      <line num="26" type="stmt" count="0"/>
      <line num="27" type="stmt" count="0"/>
      <line num="39" type="method" name="load" crap="3" count="2"/>
      <line num="41" type="stmt" count="2"/>
      <line num="42" type="stmt" count="2"/>
      <line num="44" type="stmt" count="2"/>
      <line num="46" type="stmt" count="2"/>
      <line num="49" type="stmt" count="2"/>
      <line num="50" type="stmt" count="2"/>
      <line num="51" type="stmt" count="2"/>
      <line num="53" type="stmt" count="2"/>
      <metrics loc="56" ncloc="22" classes="1" methods="2" coveredmethods="1" conditionals="0" coveredconditionals="0" statements="11" coveredstatements="8" elements="13" coveredelements="9"/>
    </file>
    <file name="/home/verber/workspace/kohana-test-project/system/classes/kohana/config/reader.php">
      <class name="Kohana_Config_Reader" namespace="global" fullPackage="Kohana" category="Configuration" package="Kohana">
        <metrics methods="6" coveredmethods="2" conditionals="0" coveredconditionals="0" statements="14" coveredstatements="7" elements="20" coveredelements="9"/>
      </class>
      <line num="23" type="method" name="__construct" crap="2" count="0"/>
      <line num="25" type="stmt" count="0"/>
      <line num="26" type="stmt" count="0"/>
      <line num="35" type="method" name="__toString" crap="2" count="0"/>
      <line num="37" type="stmt" count="0"/>
      <line num="52" type="method" name="load" crap="2.01" count="2"/>
      <line num="54" type="stmt" count="2"/>
      <line num="55" type="stmt" count="2"/>
      <line num="56" type="stmt" count="0"/>
      <line num="60" type="stmt" count="2"/>
      <line num="63" type="stmt" count="2"/>
      <line num="66" type="stmt" count="2"/>
      <line num="68" type="stmt" count="2"/>
      <line num="78" type="method" name="as_array" crap="2" count="0"/>
      <line num="80" type="stmt" count="0"/>
      <line num="92" type="method" name="get" crap="2" count="1"/>
      <line num="94" type="stmt" count="1"/>
      <line num="106" type="method" name="set" crap="2" count="0"/>
      <line num="108" type="stmt" count="0"/>
      <line num="110" type="stmt" count="0"/>
      <metrics loc="113" ncloc="43" classes="1" methods="6" coveredmethods="2" conditionals="0" coveredconditionals="0" statements="14" coveredstatements="7" elements="20" coveredelements="9"/>
    </file>
    <file name="/home/verber/workspace/kohana-test-project/system/classes/kohana/controller.php">
      <class name="Kohana_Controller" namespace="global" fullPackage="Kohana" category="Controller" package="Kohana">
        <metrics methods="3" coveredmethods="3" conditionals="0" coveredconditionals="0" statements="4" coveredstatements="4" elements="7" coveredelements="7"/>
      </class>
      <line num="0" type="stmt" count="1"/>
      <line num="37" type="method" name="__construct" crap="1" count="1"/>
      <line num="40" type="stmt" count="1"/>
      <line num="41" type="stmt" count="1"/>
      <line num="49" type="method" name="before" crap="1" count="1"/>
      <line num="52" type="stmt" count="1"/>
      <line num="61" type="method" name="after" crap="1" count="1"/>
      <line num="64" type="stmt" count="1"/>
      <metrics loc="66" ncloc="14" classes="1" methods="3" coveredmethods="3" conditionals="0" coveredconditionals="0" statements="5" coveredstatements="5" elements="8" coveredelements="8"/>
    </file>
    <file name="/home/verber/workspace/kohana-test-project/system/classes/kohana/cookie.php">
      <class name="Kohana_Cookie" namespace="global" fullPackage="Kohana" category="Helpers" package="Kohana">
        <metrics methods="4" coveredmethods="4" conditionals="0" coveredconditionals="0" statements="28" coveredstatements="28" elements="32" coveredelements="32"/>
      </class>
      <line num="55" type="method" name="get" crap="5" count="3"/>
      <line num="57" type="stmt" count="3"/>
      <line num="58" type="stmt" count="3"/>
      <line num="60" type="stmt" count="1"/>
      <line num="64" type="stmt" count="2"/>
      <line num="67" type="stmt" count="2"/>
      <line num="69" type="stmt" count="2"/>
      <line num="70" type="stmt" count="2"/>
      <line num="72" type="stmt" count="2"/>
      <line num="74" type="stmt" count="2"/>
      <line num="75" type="stmt" count="2"/>
      <line num="77" type="stmt" count="1"/>
      <line num="81" type="stmt" count="1"/>
      <line num="82" type="stmt" count="1"/>
      <line num="84" type="stmt" count="1"/>
      <line num="100" type="method" name="set" crap="3" count="2"/>
      <line num="102" type="stmt" count="2"/>
      <line num="103" type="stmt" count="2"/>
      <line num="105" type="stmt" count="1"/>
      <line num="106" type="stmt" count="1"/>
      <line num="108" type="stmt" count="2"/>
      <line num="109" type="stmt" count="2"/>
      <line num="111" type="stmt" count="1"/>
      <line num="112" type="stmt" count="1"/>
      <line num="115" type="stmt" count="2"/>
      <line num="117" type="stmt" count="2"/>
      <line num="129" type="method" name="delete" crap="1" count="1"/>
      <line num="132" type="stmt" count="1"/>
      <line num="135" type="stmt" count="1"/>
      <line num="147" type="method" name="salt" crap="2" count="1"/>
      <line num="150" type="stmt" count="1"/>
      <line num="152" type="stmt" count="1"/>
      <metrics loc="155" ncloc="59" classes="1" methods="4" coveredmethods="4" conditionals="0" coveredconditionals="0" statements="28" coveredstatements="28" elements="32" coveredelements="32"/>
    </file>
    <file name="/home/verber/workspace/kohana-test-project/system/classes/kohana/core.php">
      <class name="Kohana_Core" namespace="global" fullPackage="Kohana" category="Base" package="Kohana">
        <metrics methods="8" coveredmethods="6" conditionals="0" coveredconditionals="0" statements="178" coveredstatements="67" elements="186" coveredelements="73"/>
      </class>
      <line num="0" type="stmt" count="9"/>
      <line num="184" type="method" name="init" crap="420" count="0"/>
      <line num="186" type="stmt" count="0"/>
      <line num="187" type="stmt" count="0"/>
      <line num="189" type="stmt" count="0"/>
      <line num="193" type="stmt" count="0"/>
      <line num="195" type="stmt" count="0"/>
      <line num="196" type="stmt" count="0"/>
      <line num="198" type="stmt" count="0"/>
      <line num="199" type="stmt" count="0"/>
      <line num="202" type="stmt" count="0"/>
      <line num="204" type="stmt" count="0"/>
      <line num="205" type="stmt" count="0"/>
      <line num="207" type="stmt" count="0"/>
      <line num="208" type="stmt" count="0"/>
      <line num="210" type="stmt" count="0"/>
      <line num="211" type="stmt" count="0"/>
      <line num="213" type="stmt" count="0"/>
      <line num="214" type="stmt" count="0"/>
      <line num="216" type="stmt" count="0"/>
      <line num="217" type="stmt" count="0"/>
      <line num="219" type="stmt" count="0"/>
      <line num="222" type="stmt" count="0"/>
      <line num="223" type="stmt" count="0"/>
      <line num="226" type="stmt" count="0"/>
      <line num="228" type="stmt" count="0"/>
      <line num="229" type="stmt" count="0"/>
      <line num="230" type="stmt" count="0"/>
      <line num="231" type="stmt" count="0"/>
      <line num="232" type="stmt" count="0"/>
      <line num="233" type="stmt" count="0"/>
      <line num="234" type="stmt" count="0"/>
      <line num="238" type="stmt" count="0"/>
      <line num="239" type="stmt" count="0"/>
      <line num="241" type="stmt" count="0"/>
      <line num="242" type="stmt" count="0"/>
      <line num="244" type="stmt" count="0"/>
      <line num="245" type="stmt" count="0"/>
      <line num="248" type="stmt" count="0"/>
      <line num="251" type="stmt" count="0"/>
      <line num="253" type="stmt" count="0"/>
      <line num="254" type="stmt" count="0"/>
      <line num="255" type="stmt" count="0"/>
      <line num="256" type="stmt" count="0"/>
      <line num="260" type="stmt" count="0"/>
      <line num="263" type="stmt" count="0"/>
      <line num="265" type="stmt" count="0"/>
      <line num="267" type="stmt" count="0"/>
      <line num="268" type="stmt" count="0"/>
      <line num="270" type="stmt" count="0"/>
      <line num="273" type="stmt" count="0"/>
      <line num="274" type="stmt" count="0"/>
      <line num="278" type="stmt" count="0"/>
      <line num="281" type="stmt" count="0"/>
      <line num="282" type="stmt" count="0"/>
      <line num="283" type="stmt" count="0"/>
      <line num="284" type="stmt" count="0"/>
      <line num="287" type="stmt" count="0"/>
      <line num="288" type="stmt" count="0"/>
      <line num="290" type="stmt" count="0"/>
      <line num="291" type="stmt" count="0"/>
      <line num="293" type="stmt" count="0"/>
      <line num="294" type="stmt" count="0"/>
      <line num="296" type="stmt" count="0"/>
      <line num="297" type="stmt" count="0"/>
      <line num="299" type="stmt" count="0"/>
      <line num="300" type="stmt" count="0"/>
      <line num="302" type="stmt" count="0"/>
      <line num="303" type="stmt" count="0"/>
      <line num="305" type="stmt" count="0"/>
      <line num="306" type="stmt" count="0"/>
      <line num="308" type="stmt" count="0"/>
      <line num="309" type="stmt" count="0"/>
      <line num="311" type="stmt" count="0"/>
      <line num="312" type="stmt" count="0"/>
      <line num="314" type="stmt" count="0"/>
      <line num="315" type="stmt" count="0"/>
      <line num="317" type="stmt" count="0"/>
      <line num="318" type="stmt" count="0"/>
      <line num="320" type="stmt" count="0"/>
      <line num="321" type="stmt" count="0"/>
      <line num="323" type="stmt" count="0"/>
      <line num="324" type="stmt" count="0"/>
      <line num="326" type="stmt" count="0"/>
      <line num="327" type="stmt" count="0"/>
      <line num="330" type="stmt" count="0"/>
      <line num="333" type="stmt" count="0"/>
      <line num="334" type="stmt" count="0"/>
      <line num="335" type="stmt" count="0"/>
      <line num="338" type="stmt" count="0"/>
      <line num="341" type="stmt" count="0"/>
      <line num="342" type="stmt" count="0"/>
      <line num="352" type="method" name="deinit" crap="12" count="0"/>
      <line num="354" type="stmt" count="0"/>
      <line num="355" type="stmt" count="0"/>
      <line num="357" type="stmt" count="0"/>
      <line num="359" type="stmt" count="0"/>
      <line num="360" type="stmt" count="0"/>
      <line num="362" type="stmt" count="0"/>
      <line num="365" type="stmt" count="0"/>
      <line num="366" type="stmt" count="0"/>
      <line num="369" type="stmt" count="0"/>
      <line num="372" type="stmt" count="0"/>
      <line num="373" type="stmt" count="0"/>
      <line num="376" type="stmt" count="0"/>
      <line num="379" type="stmt" count="0"/>
      <line num="380" type="stmt" count="0"/>
      <line num="381" type="stmt" count="0"/>
      <line num="394" type="method" name="globals" crap="4.02" count="1"/>
      <line num="396" type="stmt" count="1"/>
      <line num="397" type="stmt" count="1"/>
      <line num="399" type="stmt" count="0"/>
      <line num="402" type="stmt" count="0"/>
      <line num="406" type="stmt" count="1"/>
      <line num="409" type="stmt" count="1"/>
      <line num="410" type="stmt" count="1"/>
      <line num="411" type="stmt" count="1"/>
      <line num="412" type="stmt" count="1"/>
      <line num="413" type="stmt" count="1"/>
      <line num="414" type="stmt" count="1"/>
      <line num="415" type="stmt" count="1"/>
      <line num="416" type="stmt" count="1"/>
      <line num="417" type="stmt" count="1"/>
      <line num="418" type="stmt" count="1"/>
      <line num="419" type="stmt" count="1"/>
      <line num="421" type="stmt" count="1"/>
      <line num="424" type="stmt" count="1"/>
      <line num="425" type="stmt" count="1"/>
      <line num="426" type="stmt" count="1"/>
      <line num="437" type="method" name="sanitize" crap="7.64" count="4"/>
      <line num="439" type="stmt" count="4"/>
      <line num="440" type="stmt" count="4"/>
      <line num="441" type="stmt" count="0"/>
      <line num="444" type="stmt" count="0"/>
      <line num="445" type="stmt" count="0"/>
      <line num="446" type="stmt" count="0"/>
      <line num="447" type="stmt" count="4"/>
      <line num="449" type="stmt" count="4"/>
      <line num="450" type="stmt" count="4"/>
      <line num="452" type="stmt" count="4"/>
      <line num="453" type="stmt" count="4"/>
      <line num="455" type="stmt" count="4"/>
      <line num="456" type="stmt" count="4"/>
      <line num="458" type="stmt" count="2"/>
      <line num="459" type="stmt" count="2"/>
      <line num="460" type="stmt" count="4"/>
      <line num="462" type="stmt" count="4"/>
      <line num="478" type="method" name="auto_load" crap="2" count="9"/>
      <line num="481" type="stmt" count="9"/>
      <line num="483" type="stmt" count="9"/>
      <line num="484" type="stmt" count="9"/>
      <line num="486" type="stmt" count="9"/>
      <line num="489" type="stmt" count="9"/>
      <line num="493" type="stmt" count="1"/>
      <line num="505" type="method" name="modules" crap="6" count="4"/>
      <line num="507" type="stmt" count="4"/>
      <line num="508" type="stmt" count="4"/>
      <line num="510" type="stmt" count="4"/>
      <line num="514" type="stmt" count="3"/>
      <line num="516" type="stmt" count="3"/>
      <line num="518" type="stmt" count="3"/>
      <line num="519" type="stmt" count="3"/>
      <line num="521" type="stmt" count="3"/>
      <line num="522" type="stmt" count="3"/>
      <line num="526" type="stmt" count="1"/>
      <line num="528" type="stmt" count="3"/>
      <line num="531" type="stmt" count="3"/>
      <line num="534" type="stmt" count="3"/>
      <line num="537" type="stmt" count="3"/>
      <line num="539" type="stmt" count="3"/>
      <line num="541" type="stmt" count="3"/>
      <line num="543" type="stmt" count="3"/>
      <line num="544" type="stmt" count="3"/>
      <line num="546" type="stmt" count="3"/>
      <line num="547" type="stmt" count="3"/>
      <line num="548" type="stmt" count="3"/>
      <line num="550" type="stmt" count="3"/>
      <line num="559" type="method" name="include_paths" crap="1" count="1"/>
      <line num="561" type="stmt" count="1"/>
      <line num="589" type="method" name="find_file" crap="3" count="15"/>
      <line num="591" type="stmt" count="15"/>
      <line num="592" type="stmt" count="15"/>
      <line num="594" type="stmt" count="13"/>
      <line num="595" type="stmt" count="13"/>
      <line num="596" type="stmt" count="2"/>
      <line num="599" type="stmt" count="2"/>
      <line num="600" type="stmt" count="2"/>
      <line num="604" type="stmt" count="0"/>
      <line num="608" type="stmt" count="15"/>
      <line num="610" type="stmt" count="15"/>
      <line num="611" type="stmt" count="15"/>
      <line num="613" type="stmt" count="0"/>
      <line num="616" type="stmt" count="15"/>
      <line num="617" type="stmt" count="15"/>
      <line num="619" type="stmt" count="3"/>
      <line num="620" type="stmt" count="3"/>
      <line num="622" type="stmt" count="15"/>
      <line num="623" type="stmt" count="15"/>
      <line num="625" type="stmt" count="6"/>
      <line num="628" type="stmt" count="6"/>
      <line num="630" type="stmt" count="6"/>
      <line num="632" type="stmt" count="6"/>
      <line num="633" type="stmt" count="6"/>
      <line num="635" type="stmt" count="5"/>
      <line num="636" type="stmt" count="5"/>
      <line num="637" type="stmt" count="6"/>
      <line num="638" type="stmt" count="6"/>
      <line num="642" type="stmt" count="12"/>
      <line num="644" type="stmt" count="12"/>
      <line num="646" type="stmt" count="12"/>
      <line num="647" type="stmt" count="12"/>
      <line num="649" type="stmt" count="11"/>
      <line num="652" type="stmt" count="11"/>
      <line num="654" type="stmt" count="12"/>
      <line num="657" type="stmt" count="15"/>
      <line num="658" type="stmt" count="15"/>
      <line num="660" type="stmt" count="0"/>
      <line num="663" type="stmt" count="0"/>
      <line num="664" type="stmt" count="0"/>
      <line num="666" type="stmt" count="15"/>
      <line num="667" type="stmt" count="15"/>
      <line num="669" type="stmt" count="3"/>
      <line num="670" type="stmt" count="3"/>
      <line num="672" type="stmt" count="15"/>
      <line num="686" type="stmt" count="1"/>
      <line num="687" type="stmt" count="1"/>
      <line num="689" type="stmt" count="1"/>
      <line num="690" type="stmt" count="1"/>
      <line num="692" type="stmt" count="1"/>
      <line num="693" type="stmt" count="1"/>
      <line num="695" type="stmt" count="1"/>
      <line num="696" type="stmt" count="1"/>
      <line num="699" type="stmt" count="1"/>
      <line num="701" type="stmt" count="1"/>
      <line num="703" type="stmt" count="1"/>
      <line num="704" type="stmt" count="1"/>
      <line num="706" type="stmt" count="1"/>
      <line num="708" type="stmt" count="1"/>
      <line num="711" type="stmt" count="1"/>
      <line num="713" type="stmt" count="1"/>
      <line num="714" type="stmt" count="1"/>
      <line num="716" type="stmt" count="1"/>
      <line num="720" type="stmt" count="1"/>
      <line num="722" type="stmt" count="1"/>
      <line num="723" type="stmt" count="1"/>
      <line num="724" type="stmt" count="0"/>
      <line num="725" type="stmt" count="0"/>
      <line num="726" type="stmt" count="0"/>
      <line num="727" type="stmt" count="0"/>
      <line num="729" type="stmt" count="0"/>
      <line num="730" type="stmt" count="0"/>
      <line num="734" type="stmt" count="0"/>
      <line num="736" type="stmt" count="0"/>
      <line num="737" type="stmt" count="0"/>
      <line num="740" type="stmt" count="1"/>
      <line num="741" type="stmt" count="1"/>
      <line num="743" type="stmt" count="1"/>
      <line num="744" type="stmt" count="1"/>
      <line num="746" type="stmt" count="1"/>
      <line num="747" type="stmt" count="1"/>
      <line num="748" type="stmt" count="1"/>
      <line num="751" type="stmt" count="1"/>
      <line num="753" type="stmt" count="1"/>
      <line num="766" type="stmt" count="5"/>
      <line num="777" type="stmt" count="3"/>
      <line num="779" type="stmt" count="3"/>
      <line num="780" type="stmt" count="3"/>
      <line num="782" type="stmt" count="0"/>
      <line num="783" type="stmt" count="0"/>
      <line num="785" type="stmt" count="3"/>
      <line num="786" type="stmt" count="3"/>
      <line num="788" type="stmt" count="2"/>
      <line num="789" type="stmt" count="2"/>
      <line num="791" type="stmt" count="3"/>
      <line num="792" type="stmt" count="3"/>
      <line num="793" type="stmt" count="0"/>
      <line num="797" type="stmt" count="3"/>
      <line num="826" type="stmt" count="3"/>
      <line num="829" type="stmt" count="3"/>
      <line num="831" type="stmt" count="3"/>
      <line num="832" type="stmt" count="3"/>
      <line num="834" type="stmt" count="3"/>
      <line num="835" type="stmt" count="3"/>
      <line num="837" type="stmt" count="3"/>
      <line num="838" type="stmt" count="3"/>
      <line num="839" type="stmt" count="3"/>
      <line num="840" type="stmt" count="3"/>
      <line num="841" type="stmt" count="1"/>
      <line num="842" type="stmt" count="1"/>
      <line num="844" type="stmt" count="1"/>
      <line num="851" type="stmt" count="0"/>
      <line num="853" type="stmt" count="0"/>
      <line num="859" type="stmt" count="0"/>
      <line num="862" type="stmt" count="2"/>
      <line num="865" type="stmt" count="1"/>
      <line num="866" type="stmt" count="1"/>
      <line num="868" type="stmt" count="1"/>
      <line num="871" type="stmt" count="1"/>
      <line num="872" type="stmt" count="1"/>
      <line num="875" type="stmt" count="1"/>
      <line num="880" type="stmt" count="1"/>
      <line num="882" type="stmt" count="0"/>
      <line num="885" type="stmt" count="0"/>
      <line num="907" type="stmt" count="2"/>
      <line num="909" type="stmt" count="2"/>
      <line num="910" type="stmt" count="2"/>
      <line num="912" type="stmt" count="1"/>
      <line num="914" type="stmt" count="1"/>
      <line num="915" type="stmt" count="1"/>
      <line num="916" type="stmt" count="1"/>
      <line num="919" type="stmt" count="1"/>
      <line num="920" type="stmt" count="1"/>
      <line num="921" type="stmt" count="1"/>
      <line num="922" type="stmt" count="1"/>
      <line num="924" type="stmt" count="2"/>
      <line num="925" type="stmt" count="2"/>
      <line num="927" type="stmt" count="1"/>
      <line num="932" type="stmt" count="1"/>
      <line num="945" type="stmt" count="1"/>
      <line num="946" type="stmt" count="1"/>
      <line num="949" type="stmt" count="1"/>
      <line num="953" type="stmt" count="0"/>
      <line num="969" type="stmt" count="3"/>
      <line num="970" type="stmt" count="3"/>
      <line num="971" type="stmt" count="3"/>
      <line num="972" type="stmt" count="3"/>
      <line num="973" type="stmt" count="3"/>
      <line num="976" type="stmt" count="3"/>
      <line num="978" type="stmt" count="3"/>
      <line num="979" type="stmt" count="3"/>
      <line num="981" type="stmt" count="3"/>
      <line num="984" type="stmt" count="3"/>
      <line num="985" type="stmt" count="3"/>
      <line num="987" type="stmt" count="3"/>
      <line num="988" type="stmt" count="3"/>
      <line num="990" type="stmt" count="2"/>
      <line num="992" type="stmt" count="2"/>
      <line num="996" type="stmt" count="1"/>
      <line num="998" type="stmt" count="1"/>
      <line num="999" type="stmt" count="1"/>
      <line num="1000" type="stmt" count="0"/>
      <line num="1001" type="stmt" count="0"/>
      <line num="1003" type="stmt" count="0"/>
      <line num="1004" type="stmt" count="0"/>
      <line num="1006" type="stmt" count="0"/>
      <line num="1007" type="stmt" count="0"/>
      <line num="1010" type="stmt" count="0"/>
      <line num="1012" type="stmt" count="0"/>
      <line num="1013" type="stmt" count="0"/>
      <line num="1015" type="stmt" count="0"/>
      <line num="1018" type="stmt" count="0"/>
      <line num="1019" type="stmt" count="0"/>
      <line num="1020" type="stmt" count="0"/>
      <line num="1021" type="stmt" count="0"/>
      <line num="1022" type="stmt" count="0"/>
      <line num="1024" type="stmt" count="1"/>
      <line num="1025" type="stmt" count="1"/>
      <line num="1027" type="stmt" count="1"/>
      <line num="1028" type="stmt" count="1"/>
      <line num="1031" type="stmt" count="1"/>
      <line num="1034" type="stmt" count="1"/>
      <line num="1037" type="stmt" count="1"/>
      <line num="1039" type="stmt" count="1"/>
      <line num="1041" type="stmt" count="0"/>
      <line num="1044" type="stmt" count="0"/>
      <line num="1047" type="stmt" count="0"/>
      <line num="1052" type="stmt" count="0"/>
      <line num="1062" type="stmt" count="0"/>
      <line num="1063" type="stmt" count="0"/>
      <line num="1065" type="stmt" count="0"/>
      <line num="1070" type="stmt" count="0"/>
      <line num="1071" type="stmt" count="0"/>
      <line num="1073" type="stmt" count="0"/>
      <line num="1074" type="stmt" count="0"/>
      <line num="1076" type="stmt" count="0"/>
      <line num="1079" type="stmt" count="0"/>
      <line num="1082" type="stmt" count="0"/>
      <line num="1083" type="stmt" count="0"/>
      <line num="1085" type="stmt" count="0"/>
      <line num="1088" type="stmt" count="0"/>
      <line num="1091" type="stmt" count="0"/>
      <line num="1093" type="stmt" count="0"/>
      <line num="1105" type="stmt" count="1"/>
      <line num="1106" type="stmt" count="1"/>
      <line num="1122" type="stmt" count="1"/>
      <line num="1123" type="stmt" count="1"/>
      <line num="1126" type="stmt" count="1"/>
      <line num="1128" type="stmt" count="1"/>
      <line num="1129" type="stmt" count="1"/>
      <line num="1131" type="stmt" count="1"/>
      <line num="1132" type="stmt" count="1"/>
      <line num="1134" type="stmt" count="1"/>
      <line num="1148" type="stmt" count="7"/>
      <line num="1161" type="stmt" count="7"/>
      <line num="1162" type="stmt" count="7"/>
      <line num="1163" type="stmt" count="1"/>
      <line num="1165" type="stmt" count="6"/>
      <line num="1167" type="stmt" count="1"/>
      <line num="1169" type="stmt" count="5"/>
      <line num="1171" type="stmt" count="0"/>
      <line num="1173" type="stmt" count="5"/>
      <line num="1175" type="stmt" count="0"/>
      <line num="1176" type="stmt" count="0"/>
      <line num="1177" type="stmt" count="0"/>
      <line num="1179" type="stmt" count="0"/>
      <line num="1180" type="stmt" count="0"/>
      <line num="1181" type="stmt" count="0"/>
      <line num="1183" type="stmt" count="0"/>
      <line num="1184" type="stmt" count="0"/>
      <line num="1186" type="stmt" count="0"/>
      <line num="1187" type="stmt" count="0"/>
      <line num="1188" type="stmt" count="0"/>
      <line num="1189" type="stmt" count="0"/>
      <line num="1190" type="stmt" count="0"/>
      <line num="1192" type="stmt" count="0"/>
      <line num="1194" type="stmt" count="0"/>
      <line num="1197" type="stmt" count="0"/>
      <line num="1199" type="stmt" count="0"/>
      <line num="1200" type="stmt" count="5"/>
      <line num="1205" type="stmt" count="4"/>
      <line num="1207" type="stmt" count="4"/>
      <line num="1208" type="stmt" count="4"/>
      <line num="1210" type="stmt" count="1"/>
      <line num="1211" type="stmt" count="1"/>
      <line num="1215" type="stmt" count="3"/>
      <line num="1218" type="stmt" count="4"/>
      <line num="1220" type="stmt" count="2"/>
      <line num="1222" type="stmt" count="1"/>
      <line num="1225" type="stmt" count="1"/>
      <line num="1227" type="stmt" count="1"/>
      <line num="1229" type="stmt" count="1"/>
      <line num="1230" type="stmt" count="1"/>
      <line num="1232" type="stmt" count="0"/>
      <line num="1233" type="stmt" count="0"/>
      <line num="1235" type="stmt" count="1"/>
      <line num="1236" type="stmt" count="1"/>
      <line num="1238" type="stmt" count="0"/>
      <line num="1239" type="stmt" count="1"/>
      <line num="1241" type="stmt" count="0"/>
      <line num="1242" type="stmt" count="0"/>
      <line num="1243" type="stmt" count="1"/>
      <line num="1245" type="stmt" count="1"/>
      <line num="1247" type="stmt" count="1"/>
      <line num="1248" type="stmt" count="1"/>
      <line num="1250" type="stmt" count="1"/>
      <line num="1251" type="stmt" count="1"/>
      <line num="1252" type="stmt" count="1"/>
      <line num="1253" type="stmt" count="0"/>
      <line num="1254" type="stmt" count="0"/>
      <line num="1256" type="stmt" count="1"/>
      <line num="1257" type="stmt" count="1"/>
      <line num="1258" type="stmt" count="1"/>
      <line num="1260" type="stmt" count="1"/>
      <line num="1261" type="stmt" count="1"/>
      <line num="1265" type="stmt" count="0"/>
      <line num="1268" type="stmt" count="1"/>
      <line num="1270" type="stmt" count="1"/>
      <line num="1273" type="stmt" count="1"/>
      <line num="1275" type="stmt" count="1"/>
      <line num="1278" type="stmt" count="1"/>
      <line num="1280" type="stmt" count="1"/>
      <line num="1283" type="stmt" count="1"/>
      <line num="1285" type="stmt" count="1"/>
      <line num="1286" type="stmt" count="1"/>
      <line num="1288" type="stmt" count="0"/>
      <line num="1289" type="stmt" count="1"/>
      <line num="1291" type="stmt" count="0"/>
      <line num="1292" type="stmt" count="0"/>
      <line num="1293" type="stmt" count="1"/>
      <line num="1295" type="stmt" count="1"/>
      <line num="1297" type="stmt" count="1"/>
      <line num="1298" type="stmt" count="1"/>
      <line num="1300" type="stmt" count="0"/>
      <line num="1301" type="stmt" count="0"/>
      <line num="1303" type="stmt" count="0"/>
      <line num="1306" type="stmt" count="0"/>
      <line num="1307" type="stmt" count="0"/>
      <line num="1310" type="stmt" count="0"/>
      <line num="1313" type="stmt" count="0"/>
      <line num="1314" type="stmt" count="1"/>
      <line num="1315" type="stmt" count="1"/>
      <line num="1317" type="stmt" count="1"/>
      <line num="1318" type="stmt" count="1"/>
      <line num="1322" type="stmt" count="0"/>
      <line num="1325" type="stmt" count="1"/>
      <line num="1329" type="stmt" count="0"/>
      <line num="1331" type="stmt" count="0"/>
      <line num="1346" type="stmt" count="2"/>
      <line num="1347" type="stmt" count="2"/>
      <line num="1348" type="stmt" count="0"/>
      <line num="1349" type="stmt" count="0"/>
      <line num="1350" type="stmt" count="2"/>
      <line num="1352" type="stmt" count="1"/>
      <line num="1353" type="stmt" count="1"/>
      <line num="1354" type="stmt" count="1"/>
      <line num="1356" type="stmt" count="1"/>
      <line num="1357" type="stmt" count="1"/>
      <line num="1358" type="stmt" count="0"/>
      <line num="1360" type="stmt" count="0"/>
      <line num="1361" type="stmt" count="0"/>
      <line num="1363" type="stmt" count="2"/>
      <line num="1381" type="stmt" count="0"/>
      <line num="1382" type="stmt" count="0"/>
      <line num="1384" type="stmt" count="0"/>
      <line num="1388" type="stmt" count="0"/>
      <line num="1389" type="stmt" count="0"/>
      <line num="1392" type="stmt" count="0"/>
      <line num="1395" type="stmt" count="0"/>
      <line num="1397" type="stmt" count="0"/>
      <line num="1398" type="stmt" count="0"/>
      <line num="1401" type="stmt" count="0"/>
      <line num="1402" type="stmt" count="0"/>
      <line num="1404" type="stmt" count="0"/>
      <line num="1405" type="stmt" count="0"/>
      <line num="1407" type="stmt" count="0"/>
      <line num="1410" type="stmt" count="0"/>
      <line num="1412" type="stmt" count="0"/>
      <line num="1413" type="stmt" count="0"/>
      <line num="1415" type="stmt" count="0"/>
      <line num="1416" type="stmt" count="0"/>
      <line num="1419" type="stmt" count="0"/>
      <line num="1423" type="stmt" count="0"/>
      <line num="1424" type="stmt" count="0"/>
      <line num="1425" type="stmt" count="0"/>
      <line num="1428" type="stmt" count="0"/>
      <line num="1430" type="stmt" count="0"/>
      <line num="1444" type="stmt" count="0"/>
      <line num="1445" type="stmt" count="0"/>
      <line num="1447" type="stmt" count="0"/>
      <line num="1448" type="stmt" count="0"/>
      <line num="1451" type="stmt" count="0"/>
      <line num="1453" type="stmt" count="0"/>
      <line num="1454" type="stmt" count="0"/>
      <line num="1456" type="stmt" count="0"/>
      <line num="1457" type="stmt" count="0"/>
      <line num="1459" type="stmt" count="0"/>
      <line num="1462" type="stmt" count="0"/>
      <line num="1463" type="stmt" count="0"/>
      <line num="1465" type="stmt" count="0"/>
      <line num="1466" type="stmt" count="0"/>
      <line num="1468" type="stmt" count="0"/>
      <line num="1469" type="stmt" count="0"/>
      <line num="1470" type="stmt" count="0"/>
      <line num="1472" type="stmt" count="0"/>
      <line num="1473" type="stmt" count="0"/>
      <line num="1474" type="stmt" count="0"/>
      <line num="1475" type="stmt" count="0"/>
      <line num="1476" type="stmt" count="0"/>
      <line num="1479" type="stmt" count="0"/>
      <line num="1481" type="stmt" count="0"/>
      <line num="1482" type="stmt" count="0"/>
      <line num="1483" type="stmt" count="0"/>
      <line num="1484" type="stmt" count="0"/>
      <line num="1486" type="stmt" count="0"/>
      <line num="1487" type="stmt" count="0"/>
      <line num="1491" type="stmt" count="0"/>
      <line num="1493" type="stmt" count="0"/>
      <line num="1494" type="stmt" count="0"/>
      <line num="1496" type="stmt" count="0"/>
      <line num="1497" type="stmt" count="0"/>
      <line num="1499" type="stmt" count="0"/>
      <line num="1500" type="stmt" count="0"/>
      <line num="1503" type="stmt" count="0"/>
      <line num="1504" type="stmt" count="0"/>
      <line num="1505" type="stmt" count="0"/>
      <line num="1506" type="stmt" count="0"/>
      <line num="1507" type="stmt" count="0"/>
      <line num="1508" type="stmt" count="0"/>
      <line num="1511" type="stmt" count="0"/>
      <line num="1513" type="stmt" count="0"/>
      <line num="1516" type="stmt" count="0"/>
      <line num="1520" type="stmt" count="0"/>
      <line num="1523" type="stmt" count="0"/>
      <line num="1525" type="stmt" count="0"/>
      <line num="1527" type="stmt" count="0"/>
      <line num="1528" type="stmt" count="0"/>
      <line num="1530" type="stmt" count="0"/>
      <line num="1531" type="stmt" count="0"/>
      <line num="1535" type="stmt" count="0"/>
      <line num="1537" type="stmt" count="0"/>
      <line num="1538" type="stmt" count="0"/>
      <line num="1540" type="stmt" count="0"/>
      <line num="1541" type="stmt" count="0"/>
      <line num="1543" type="stmt" count="0"/>
      <line num="1544" type="stmt" count="0"/>
      <line num="1546" type="stmt" count="0"/>
      <line num="1547" type="stmt" count="0"/>
      <line num="1548" type="stmt" count="0"/>
      <line num="1549" type="stmt" count="0"/>
      <line num="1550" type="stmt" count="0"/>
      <line num="1551" type="stmt" count="0"/>
      <line num="1554" type="stmt" count="0"/>
      <line num="1555" type="stmt" count="0"/>
      <line num="1557" type="stmt" count="0"/>
      <metrics loc="1560" ncloc="871" classes="1" methods="8" coveredmethods="6" conditionals="0" coveredconditionals="0" statements="586" coveredstatements="281" elements="594" coveredelements="287"/>
    </file>
    <file name="/home/verber/workspace/kohana-test-project/system/classes/kohana/date.php">
      <class name="Kohana_Date" namespace="global" fullPackage="Kohana" category="Helpers" package="Kohana">
        <metrics methods="14" coveredmethods="14" conditionals="0" coveredconditionals="0" statements="200" coveredstatements="195" elements="214" coveredelements="209"/>
      </class>
      <line num="48" type="method" name="offset" crap="3.21" count="1"/>
      <line num="50" type="stmt" count="1"/>
      <line num="51" type="stmt" count="1"/>
      <line num="53" type="stmt" count="0"/>
      <line num="54" type="stmt" count="0"/>
      <line num="56" type="stmt" count="1"/>
      <line num="57" type="stmt" count="1"/>
      <line num="59" type="stmt" count="0"/>
      <line num="60" type="stmt" count="0"/>
      <line num="63" type="stmt" count="1"/>
      <line num="64" type="stmt" count="1"/>
      <line num="67" type="stmt" count="1"/>
      <line num="68" type="stmt" count="1"/>
      <line num="71" type="stmt" count="1"/>
      <line num="73" type="stmt" count="1"/>
      <line num="87" type="method" name="seconds" crap="2" count="2"/>
      <line num="90" type="stmt" count="2"/>
      <line num="92" type="stmt" count="2"/>
      <line num="94" type="stmt" count="2"/>
      <line num="96" type="stmt" count="2"/>
      <line num="97" type="stmt" count="2"/>
      <line num="99" type="stmt" count="2"/>
      <line num="112" type="method" name="minutes" crap="1" count="2"/>
      <line num="118" type="stmt" count="2"/>
      <line num="132" type="method" name="hours" crap="5" count="1"/>
      <line num="135" type="stmt" count="1"/>
      <line num="136" type="stmt" count="1"/>
      <line num="137" type="stmt" count="1"/>
      <line num="140" type="stmt" count="1"/>
      <line num="141" type="stmt" count="1"/>
      <line num="142" type="stmt" count="1"/>
      <line num="143" type="stmt" count="1"/>
      <line num="145" type="stmt" count="1"/>
      <line num="148" type="stmt" count="1"/>
      <line num="150" type="stmt" count="1"/>
      <line num="152" type="stmt" count="1"/>
      <line num="153" type="stmt" count="1"/>
      <line num="155" type="stmt" count="1"/>
      <line num="167" type="method" name="ampm" crap="2" count="27"/>
      <line num="170" type="stmt" count="27"/>
      <line num="172" type="stmt" count="27"/>
      <line num="184" type="method" name="adjust" crap="5" count="26"/>
      <line num="186" type="stmt" count="26"/>
      <line num="187" type="stmt" count="26"/>
      <line num="191" type="stmt" count="26"/>
      <line num="192" type="stmt" count="13"/>
      <line num="193" type="stmt" count="13"/>
      <line num="194" type="stmt" count="13"/>
      <line num="195" type="stmt" count="13"/>
      <line num="196" type="stmt" count="13"/>
      <line num="197" type="stmt" count="13"/>
      <line num="198" type="stmt" count="13"/>
      <line num="201" type="stmt" count="26"/>
      <line num="214" type="method" name="days" crap="4" count="13"/>
      <line num="216" type="stmt" count="13"/>
      <line num="218" type="stmt" count="13"/>
      <line num="219" type="stmt" count="13"/>
      <line num="221" type="stmt" count="10"/>
      <line num="222" type="stmt" count="10"/>
      <line num="225" type="stmt" count="13"/>
      <line num="226" type="stmt" count="13"/>
      <line num="229" type="stmt" count="13"/>
      <line num="230" type="stmt" count="13"/>
      <line num="231" type="stmt" count="13"/>
      <line num="234" type="stmt" count="13"/>
      <line num="236" type="stmt" count="13"/>
      <line num="238" type="stmt" count="13"/>
      <line num="239" type="stmt" count="13"/>
      <line num="240" type="stmt" count="13"/>
      <line num="242" type="stmt" count="13"/>
      <line num="254" type="method" name="months" crap="1" count="1"/>
      <line num="256" type="stmt" count="1"/>
      <line num="270" type="method" name="years" crap="4" count="1"/>
      <line num="273" type="stmt" count="1"/>
      <line num="274" type="stmt" count="1"/>
      <line num="276" type="stmt" count="1"/>
      <line num="278" type="stmt" count="1"/>
      <line num="280" type="stmt" count="1"/>
      <line num="281" type="stmt" count="1"/>
      <line num="283" type="stmt" count="1"/>
      <line num="300" type="method" name="span" crap="11" count="6"/>
      <line num="303" type="stmt" count="6"/>
      <line num="305" type="stmt" count="6"/>
      <line num="306" type="stmt" count="6"/>
      <line num="308" type="stmt" count="1"/>
      <line num="312" type="stmt" count="5"/>
      <line num="315" type="stmt" count="5"/>
      <line num="318" type="stmt" count="5"/>
      <line num="320" type="stmt" count="5"/>
      <line num="321" type="stmt" count="5"/>
      <line num="323" type="stmt" count="1"/>
      <line num="324" type="stmt" count="1"/>
      <line num="327" type="stmt" count="5"/>
      <line num="329" type="stmt" count="5"/>
      <line num="330" type="stmt" count="5"/>
      <line num="331" type="stmt" count="3"/>
      <line num="332" type="stmt" count="3"/>
      <line num="334" type="stmt" count="5"/>
      <line num="335" type="stmt" count="5"/>
      <line num="336" type="stmt" count="3"/>
      <line num="337" type="stmt" count="3"/>
      <line num="339" type="stmt" count="5"/>
      <line num="340" type="stmt" count="5"/>
      <line num="341" type="stmt" count="3"/>
      <line num="342" type="stmt" count="3"/>
      <line num="344" type="stmt" count="5"/>
      <line num="345" type="stmt" count="5"/>
      <line num="346" type="stmt" count="3"/>
      <line num="347" type="stmt" count="3"/>
      <line num="349" type="stmt" count="5"/>
      <line num="350" type="stmt" count="5"/>
[...]
      <line num="860" type="stmt" count="0"/>
      <line num="863" type="stmt" count="0"/>
      <line num="866" type="stmt" count="0"/>
      <line num="868" type="stmt" count="0"/>
      <line num="871" type="stmt" count="0"/>
      <line num="872" type="stmt" count="3"/>
      <line num="876" type="stmt" count="3"/>
      <line num="879" type="stmt" count="3"/>
      <line num="881" type="stmt" count="3"/>
      <line num="883" type="stmt" count="3"/>
      <line num="884" type="stmt" count="3"/>
      <line num="886" type="stmt" count="0"/>
      <line num="890" type="stmt" count="3"/>
      <line num="892" type="stmt" count="3"/>
      <line num="893" type="stmt" count="3"/>
      <line num="895" type="stmt" count="3"/>
      <line num="897" type="stmt" count="3"/>
      <line num="898" type="stmt" count="3"/>
      <line num="900" type="stmt" count="3"/>
      <line num="901" type="stmt" count="3"/>
      <line num="905" type="stmt" count="0"/>
      <line num="907" type="stmt" count="3"/>
      <line num="908" type="stmt" count="0"/>
      <line num="911" type="stmt" count="0"/>
      <line num="914" type="stmt" count="0"/>
      <line num="915" type="stmt" count="0"/>
      <line num="919" type="stmt" count="0"/>
      <line num="922" type="stmt" count="0"/>
      <line num="925" type="stmt" count="0"/>
      <line num="928" type="stmt" count="3"/>
      <line num="929" type="stmt" count="3"/>
      <line num="931" type="stmt" count="2"/>
      <line num="934" type="stmt" count="2"/>
      <line num="937" type="stmt" count="2"/>
      <line num="939" type="stmt" count="3"/>
      <line num="940" type="stmt" count="3"/>
      <line num="944" type="stmt" count="3"/>
      <line num="946" type="stmt" count="1"/>
      <line num="947" type="stmt" count="1"/>
      <line num="949" type="stmt" count="0"/>
      <line num="952" type="stmt" count="1"/>
      <line num="954" type="stmt" count="1"/>
      <line num="956" type="stmt" count="1"/>
      <line num="957" type="stmt" count="1"/>
      <line num="959" type="stmt" count="0"/>
      <line num="960" type="stmt" count="0"/>
      <line num="962" type="stmt" count="1"/>
      <line num="963" type="stmt" count="1"/>
      <line num="965" type="stmt" count="1"/>
      <line num="968" type="stmt" count="1"/>
      <line num="970" type="stmt" count="1"/>
      <line num="971" type="stmt" count="1"/>
      <line num="973" type="stmt" count="0"/>
      <line num="974" type="stmt" count="0"/>
      <line num="977" type="stmt" count="1"/>
      <line num="978" type="stmt" count="1"/>
      <line num="982" type="stmt" count="0"/>
      <line num="985" type="stmt" count="0"/>
      <line num="988" type="stmt" count="1"/>
      <line num="989" type="stmt" count="1"/>
      <line num="991" type="stmt" count="0"/>
      <line num="993" type="stmt" count="1"/>
      <line num="994" type="stmt" count="3"/>
      <line num="996" type="stmt" count="3"/>
      <line num="997" type="stmt" count="3"/>
      <line num="999" type="stmt" count="3"/>
      <line num="1000" type="stmt" count="3"/>
      <line num="1002" type="stmt" count="3"/>
      <line num="1012" type="method" name="error" crap="1" count="1"/>
      <line num="1014" type="stmt" count="1"/>
      <line num="1016" type="stmt" count="1"/>
      <line num="1038" type="method" name="errors" crap="14.08" count="4"/>
      <line num="1040" type="stmt" count="4"/>
      <line num="1041" type="stmt" count="4"/>
      <line num="1043" type="stmt" count="0"/>
      <line num="1047" type="stmt" count="4"/>
      <line num="1049" type="stmt" count="4"/>
      <line num="1051" type="stmt" count="2"/>
      <line num="1054" type="stmt" count="2"/>
      <line num="1057" type="stmt" count="2"/>
      <line num="1059" type="stmt" count="1"/>
      <line num="1060" type="stmt" count="1"/>
      <line num="1064" type="stmt" count="2"/>
      <line num="1065" type="stmt" count="2"/>
      <line num="1066" type="stmt" count="2"/>
      <line num="1068" type="stmt" count="2"/>
      <line num="1069" type="stmt" count="2"/>
      <line num="1071" type="stmt" count="0"/>
      <line num="1072" type="stmt" count="0"/>
      <line num="1075" type="stmt" count="2"/>
      <line num="1076" type="stmt" count="1"/>
      <line num="1078" type="stmt" count="1"/>
      <line num="1079" type="stmt" count="1"/>
      <line num="1081" type="stmt" count="0"/>
      <line num="1082" type="stmt" count="0"/>
      <line num="1085" type="stmt" count="1"/>
      <line num="1086" type="stmt" count="1"/>
      <line num="1087" type="stmt" count="0"/>
      <line num="1090" type="stmt" count="0"/>
      <line num="1092" type="stmt" count="0"/>
      <line num="1093" type="stmt" count="0"/>
      <line num="1094" type="stmt" count="0"/>
      <line num="1097" type="stmt" count="1"/>
      <line num="1098" type="stmt" count="1"/>
      <line num="1099" type="stmt" count="1"/>
      <line num="1101" type="stmt" count="2"/>
      <line num="1102" type="stmt" count="2"/>
      <line num="1104" type="stmt" count="0"/>
      <line num="1105" type="stmt" count="2"/>
      <line num="1108" type="stmt" count="0"/>
      <line num="1109" type="stmt" count="2"/>
      <line num="1112" type="stmt" count="1"/>
      <line num="1113" type="stmt" count="1"/>
      <line num="1116" type="stmt" count="1"/>
      <line num="1120" type="stmt" count="0"/>
      <line num="1124" type="stmt" count="2"/>
      <line num="1125" type="stmt" count="1"/>
      <line num="1126" type="stmt" count="1"/>
      <line num="1128" type="stmt" count="0"/>
      <line num="1129" type="stmt" count="0"/>
      <line num="1133" type="stmt" count="1"/>
      <line num="1135" type="stmt" count="1"/>
      <line num="1139" type="stmt" count="1"/>
      <line num="1143" type="stmt" count="2"/>
      <line num="1144" type="stmt" count="4"/>
      <line num="1146" type="stmt" count="4"/>
      <line num="1158" type="stmt" count="0"/>
      <metrics loc="1161" ncloc="608" classes="1" methods="36" coveredmethods="36" conditionals="0" coveredconditionals="0" statements="350" coveredstatements="286" elements="386" coveredelements="322"/>
    </file>
    <file name="/home/verber/workspace/kohana-test-project/system/classes/num.php">
      <class name="Num" namespace="global">
        <metrics methods="0" coveredmethods="0" conditionals="0" coveredconditionals="0" statements="0" coveredstatements="0" elements="0" coveredelements="0"/>
      </class>
      <line num="1" type="stmt" count="1"/>
      <line num="3" type="stmt" count="1"/>
      <line num="4" type="stmt" count="1"/>
      <metrics loc="3" ncloc="3" classes="1" methods="0" coveredmethods="0" conditionals="0" coveredconditionals="0" statements="3" coveredstatements="3" elements="3" coveredelements="3"/>
    </file>
    <file name="/home/verber/workspace/kohana-test-project/system/classes/profiler.php">
      <class name="Profiler" namespace="global">
        <metrics methods="0" coveredmethods="0" conditionals="0" coveredconditionals="0" statements="0" coveredstatements="0" elements="0" coveredelements="0"/>
      </class>
      <line num="1" type="stmt" count="1"/>
      <line num="3" type="stmt" count="1"/>
      <line num="4" type="stmt" count="1"/>
      <metrics loc="3" ncloc="3" classes="1" methods="0" coveredmethods="0" conditionals="0" coveredconditionals="0" statements="3" coveredstatements="3" elements="3" coveredelements="3"/>
    </file>
    <file name="/home/verber/workspace/kohana-test-project/system/classes/remote.php">
      <class name="Remote" namespace="global">
        <metrics methods="0" coveredmethods="0" conditionals="0" coveredconditionals="0" statements="0" coveredstatements="0" elements="0" coveredelements="0"/>
      </class>
      <line num="1" type="stmt" count="1"/>
      <line num="3" type="stmt" count="1"/>
      <line num="4" type="stmt" count="1"/>
      <metrics loc="3" ncloc="3" classes="1" methods="0" coveredmethods="0" conditionals="0" coveredconditionals="0" statements="3" coveredstatements="3" elements="3" coveredelements="3"/>
    </file>
    <file name="/home/verber/workspace/kohana-test-project/system/classes/request.php">
      <class name="Request" namespace="global">
        <metrics methods="0" coveredmethods="0" conditionals="0" coveredconditionals="0" statements="0" coveredstatements="0" elements="0" coveredelements="0"/>
      </class>
      <line num="1" type="stmt" count="1"/>
      <line num="3" type="stmt" count="1"/>
      <line num="4" type="stmt" count="1"/>
      <metrics loc="3" ncloc="3" classes="1" methods="0" coveredmethods="0" conditionals="0" coveredconditionals="0" statements="3" coveredstatements="3" elements="3" coveredelements="3"/>
    </file>
    <file name="/home/verber/workspace/kohana-test-project/system/classes/text.php">
      <class name="Text" namespace="global">
        <metrics methods="0" coveredmethods="0" conditionals="0" coveredconditionals="0" statements="0" coveredstatements="0" elements="0" coveredelements="0"/>
      </class>
      <line num="1" type="stmt" count="1"/>
      <line num="3" type="stmt" count="1"/>
      <line num="4" type="stmt" count="1"/>
      <metrics loc="3" ncloc="3" classes="1" methods="0" coveredmethods="0" conditionals="0" coveredconditionals="0" statements="3" coveredstatements="3" elements="3" coveredelements="3"/>
    </file>
    <file name="/home/verber/workspace/kohana-test-project/system/config/inflector.php">
      <line num="1" type="stmt" count="1"/>
      <line num="6" type="stmt" count="1"/>
      <line num="7" type="stmt" count="1"/>
      <line num="8" type="stmt" count="1"/>
      <line num="9" type="stmt" count="1"/>
      <line num="10" type="stmt" count="1"/>
      <line num="11" type="stmt" count="1"/>
      <line num="12" type="stmt" count="1"/>
      <line num="13" type="stmt" count="1"/>
      <line num="14" type="stmt" count="1"/>
      <line num="15" type="stmt" count="1"/>
      <line num="16" type="stmt" count="1"/>
      <line num="17" type="stmt" count="1"/>
      <line num="18" type="stmt" count="1"/>
      <line num="19" type="stmt" count="1"/>
      <line num="20" type="stmt" count="1"/>
      <line num="21" type="stmt" count="1"/>
      <line num="22" type="stmt" count="1"/>
      <line num="23" type="stmt" count="1"/>
      <line num="24" type="stmt" count="1"/>
      <line num="25" type="stmt" count="1"/>
      <line num="26" type="stmt" count="1"/>
      <line num="27" type="stmt" count="1"/>
      <line num="28" type="stmt" count="1"/>
      <line num="29" type="stmt" count="1"/>
      <line num="30" type="stmt" count="1"/>
      <line num="31" type="stmt" count="1"/>
      <line num="32" type="stmt" count="1"/>
      <line num="33" type="stmt" count="1"/>
      <line num="34" type="stmt" count="1"/>
      <line num="35" type="stmt" count="1"/>
      <line num="36" type="stmt" count="1"/>
      <line num="37" type="stmt" count="1"/>
      <line num="38" type="stmt" count="1"/>
      <line num="39" type="stmt" count="1"/>
      <line num="40" type="stmt" count="1"/>
      <line num="41" type="stmt" count="1"/>
      <line num="42" type="stmt" count="1"/>
      <line num="45" type="stmt" count="1"/>
      <line num="46" type="stmt" count="1"/>
      <line num="47" type="stmt" count="1"/>
      <line num="48" type="stmt" count="1"/>
      <line num="49" type="stmt" count="1"/>
      <line num="50" type="stmt" count="1"/>
      <line num="51" type="stmt" count="1"/>
      <line num="52" type="stmt" count="1"/>
      <line num="53" type="stmt" count="1"/>
      <line num="54" type="stmt" count="1"/>
      <line num="55" type="stmt" count="1"/>
      <line num="56" type="stmt" count="1"/>
      <line num="57" type="stmt" count="1"/>
      <line num="58" type="stmt" count="1"/>
      <line num="59" type="stmt" count="1"/>
      <line num="60" type="stmt" count="1"/>
      <line num="61" type="stmt" count="1"/>
      <metrics loc="61" ncloc="61" classes="0" methods="0" coveredmethods="0" conditionals="0" coveredconditionals="0" statements="55" coveredstatements="55" elements="55" coveredelements="55"/>
    </file>
    <file name="/home/verber/workspace/kohana-test-project/system/i18n/en.php">
      <line num="1" type="stmt" count="1"/>
      <line num="3" type="stmt" count="1"/>
      <metrics loc="2" ncloc="2" classes="0" methods="0" coveredmethods="0" conditionals="0" coveredconditionals="0" statements="2" coveredstatements="2" elements="2" coveredelements="2"/>
    </file>
    <file name="/home/verber/workspace/kohana-test-project/system/i18n/es.php">
      <line num="1" type="stmt" count="1"/>
      <line num="5" type="stmt" count="1"/>
      <line num="6" type="stmt" count="1"/>
      <line num="7" type="stmt" count="1"/>
      <metrics loc="6" ncloc="6" classes="0" methods="0" coveredmethods="0" conditionals="0" coveredconditionals="0" statements="4" coveredstatements="4" elements="4" coveredelements="4"/>
    </file>
    <file name="/home/verber/workspace/kohana-test-project/system/i18n/fr.php">
      <line num="1" type="stmt" count="1"/>
      <line num="5" type="stmt" count="1"/>
      <line num="6" type="stmt" count="1"/>
      <line num="7" type="stmt" count="1"/>
      <metrics loc="6" ncloc="6" classes="0" methods="0" coveredmethods="0" conditionals="0" coveredconditionals="0" statements="4" coveredstatements="4" elements="4" coveredelements="4"/>
    </file>
    <file name="/home/verber/workspace/kohana-test-project/system/utf8/str_ireplace.php">
      <line num="1" type="stmt" count="1"/>
      <line num="11" type="stmt" count="1"/>
      <line num="13" type="stmt" count="3"/>
      <line num="14" type="stmt" count="3"/>
      <line num="16" type="stmt" count="3"/>
      <line num="17" type="stmt" count="3"/>
      <line num="18" type="stmt" count="0"/>
      <line num="20" type="stmt" count="0"/>
      <line num="21" type="stmt" count="0"/>
      <line num="22" type="stmt" count="0"/>
      <line num="25" type="stmt" count="3"/>
      <line num="26" type="stmt" count="3"/>
      <line num="27" type="stmt" count="1"/>
      <line num="29" type="stmt" count="1"/>
      <line num="31" type="stmt" count="1"/>
      <line num="32" type="stmt" count="1"/>
      <line num="33" type="stmt" count="1"/>
      <line num="34" type="stmt" count="1"/>
      <line num="35" type="stmt" count="1"/>
      <line num="36" type="stmt" count="1"/>
      <line num="39" type="stmt" count="0"/>
      <line num="41" type="stmt" count="1"/>
      <line num="44" type="stmt" count="0"/>
      <line num="46" type="stmt" count="1"/>
      <line num="47" type="stmt" count="1"/>
      <line num="50" type="stmt" count="3"/>
      <line num="51" type="stmt" count="3"/>
      <line num="53" type="stmt" count="3"/>
      <line num="54" type="stmt" count="3"/>
      <line num="56" type="stmt" count="3"/>
      <line num="58" type="stmt" count="3"/>
      <line num="59" type="stmt" count="3"/>
      <line num="61" type="stmt" count="3"/>
      <line num="62" type="stmt" count="3"/>
      <line num="64" type="stmt" count="3"/>
      <line num="65" type="stmt" count="3"/>
      <line num="66" type="stmt" count="3"/>
      <line num="68" type="stmt" count="3"/>
      <line num="69" type="stmt" count="3"/>
      <line num="71" type="stmt" count="1"/>
      <metrics loc="70" ncloc="61" classes="0" methods="0" coveredmethods="0" conditionals="0" coveredconditionals="0" statements="40" coveredstatements="34" elements="40" coveredelements="34"/>
    </file>
    <file name="/home/verber/workspace/kohana-test-project/system/utf8/transliterate_to_ascii.php">
      <line num="1" type="stmt" count="1"/>
      <line num="11" type="stmt" count="1"/>
      <line num="13" type="stmt" count="1"/>
      <line num="14" type="stmt" count="1"/>
      <line num="16" type="stmt" count="1"/>
      <line num="17" type="stmt" count="1"/>
      <line num="18" type="stmt" count="1"/>
      <line num="19" type="stmt" count="1"/>
      <line num="21" type="stmt" count="1"/>
      <line num="22" type="stmt" count="1"/>
      <line num="23" type="stmt" count="1"/>
      <line num="24" type="stmt" count="1"/>
      <line num="25" type="stmt" count="1"/>
      <line num="26" type="stmt" count="1"/>
      <line num="27" type="stmt" count="1"/>
      <line num="28" type="stmt" count="1"/>
      <line num="29" type="stmt" count="1"/>
      <line num="30" type="stmt" count="1"/>
      <line num="31" type="stmt" count="1"/>
      <line num="32" type="stmt" count="1"/>
      <line num="33" type="stmt" count="1"/>
      <line num="34" type="stmt" count="1"/>
      <line num="35" type="stmt" count="1"/>
      <line num="36" type="stmt" count="1"/>
      <line num="37" type="stmt" count="1"/>
      <line num="39" type="stmt" count="1"/>
      <line num="40" type="stmt" count="1"/>
      <line num="41" type="stmt" count="1"/>
      <line num="43" type="stmt" count="1"/>
      <line num="44" type="stmt" count="1"/>
      <line num="46" type="stmt" count="1"/>
      <line num="47" type="stmt" count="1"/>
      <line num="48" type="stmt" count="1"/>
      <line num="49" type="stmt" count="1"/>
      <line num="51" type="stmt" count="1"/>
      <line num="52" type="stmt" count="1"/>
      <line num="53" type="stmt" count="1"/>
      <line num="54" type="stmt" count="1"/>
      <line num="55" type="stmt" count="1"/>
      <line num="56" type="stmt" count="1"/>
      <line num="57" type="stmt" count="1"/>
      <line num="58" type="stmt" count="1"/>
      <line num="59" type="stmt" count="1"/>
      <line num="60" type="stmt" count="1"/>
      <line num="61" type="stmt" count="1"/>
      <line num="62" type="stmt" count="1"/>
      <line num="63" type="stmt" count="1"/>
      <line num="64" type="stmt" count="1"/>
      <line num="65" type="stmt" count="1"/>
      <line num="66" type="stmt" count="1"/>
      <line num="67" type="stmt" count="1"/>
      <line num="69" type="stmt" count="1"/>
      <line num="70" type="stmt" count="1"/>
      <line num="71" type="stmt" count="1"/>
      <line num="73" type="stmt" count="1"/>
      <line num="74" type="stmt" count="1"/>
      <line num="76" type="stmt" count="1"/>
      <line num="77" type="stmt" count="1"/>
      <metrics loc="76" ncloc="67" classes="0" methods="0" coveredmethods="0" conditionals="0" coveredconditionals="0" statements="58" coveredstatements="58" elements="58" coveredelements="58"/>
    </file>
    <file name="/home/verber/workspace/kohana-test-project/system/utf8/ucwords.php">
      <line num="1" type="stmt" count="1"/>
      <line num="11" type="stmt" count="1"/>
      <line num="13" type="stmt" count="2"/>
      <line num="14" type="stmt" count="2"/>
      <line num="18" type="stmt" count="1"/>
      <line num="19" type="stmt" count="1"/>
      <line num="20" type="stmt" count="1"/>
      <line num="22" type="stmt" count="1"/>
      <line num="23" type="stmt" count="1"/>
      <metrics loc="22" ncloc="9" classes="0" methods="0" coveredmethods="0" conditionals="0" coveredconditionals="0" statements="9" coveredstatements="9" elements="9" coveredelements="9"/>
    </file>
    <file name="/home/verber/workspace/kohana-test-project/system/views/kohana/error.php">
      <line num="115" type="stmt" count="0"/>
      <line num="116" type="stmt" count="0"/>
      <line num="118" type="stmt" count="0"/>
      <line num="120" type="stmt" count="0"/>
      <line num="121" type="stmt" count="0"/>
      <line num="123" type="stmt" count="0"/>
      <metrics loc="128" ncloc="126" classes="0" methods="0" coveredmethods="0" conditionals="0" coveredconditionals="0" statements="6" coveredstatements="0" elements="6" coveredelements="0"/>
    </file>
    <metrics files="62" loc="12726" ncloc="6290" classes="49" methods="288" coveredmethods="207" conditionals="0" coveredconditionals="0" statements="3802" coveredstatements="2444" elements="4090" coveredelements="2651"/>
  </project>
</coverage>
